#
# There is insufficient memory for the Java Runtime Environment to continue.
# Native memory allocation (mmap) failed to map 154140672 bytes for Failed to commit area from 0x0000000090200000 to 0x0000000099500000 of length 154140672.
# Possible reasons:
#   The system is out of physical RAM or swap space
#   The process is running with CompressedOops enabled, and the Java Heap may be blocking the growth of the native heap
# Possible solutions:
#   Reduce memory load on the system
#   Increase physical memory or swap space
#   Check if swap backing store is full
#   Decrease Java heap size (-Xmx/-Xms)
#   Decrease number of Java threads
#   Decrease Java thread stack sizes (-Xss)
#   Set larger code cache with -XX:ReservedCodeCacheSize=
#   JVM is running with Unscaled Compressed Oops mode in which the Java heap is
#     placed in the first 4GB address space. The Java Heap base address is the
#     maximum limit for the native heap growth. Please use -XX:HeapBaseMinAddress
#     to set the Java Heap base and to place the Java Heap above 4GB virtual address.
# This output file may be truncated or incomplete.
#
#  Out of Memory Error (./src/hotspot/os/windows/os_windows.cpp:3301), pid=10216, tid=9792
#
# JRE version: OpenJDK Runtime Environment (11.0.10) (build 11.0.10+0-b96-7249189)
# Java VM: OpenJDK 64-Bit Server VM (11.0.10+0-b96-7249189, mixed mode, tiered, compressed oops, g1 gc, windows-amd64)
# No core dump will be written. Minidumps are not enabled by default on client versions of Windows
#

---------------  S U M M A R Y ------------

Command Line: --add-opens=java.base/java.util=ALL-UNNAMED --add-opens=java.base/java.lang=ALL-UNNAMED --add-opens=java.base/java.lang.invoke=ALL-UNNAMED --add-opens=java.base/java.util=ALL-UNNAMED --add-opens=java.prefs/java.util.prefs=ALL-UNNAMED --add-opens=java.prefs/java.util.prefs=ALL-UNNAMED --add-opens=java.base/java.nio.charset=ALL-UNNAMED --add-opens=java.base/java.net=ALL-UNNAMED --add-opens=java.base/java.util.concurrent.atomic=ALL-UNNAMED -Xmx2048m -Dfile.encoding=UTF-8 -Duser.country=RU -Duser.language=ru -Duser.variant org.gradle.launcher.daemon.bootstrap.GradleDaemon 7.0.2

Host: Intel(R) Core(TM) i3-3110M CPU @ 2.40GHz, 4 cores, 7G,  Windows 10 , 64 bit Build 17763 (10.0.17763.1)
Time: Fri Apr 22 04:11:03 2022 Oaio?aeuiay Acey (ceia) elapsed time: 8798.973927 seconds (0d 2h 26m 38s)

---------------  T H R E A D  ---------------

Current thread (0x000001f0d1853000):  VMThread "VM Thread" [stack: 0x000000c26b900000,0x000000c26ba00000] [id=9792]

Stack: [0x000000c26b900000,0x000000c26ba00000]
[error occurred during error reporting (printing stack bounds), id 0xc0000005, EXCEPTION_ACCESS_VIOLATION (0xc0000005) at pc=0x000001f0bafc0f2d]

Native frames: (J=compiled Java code, j=interpreted, Vv=VM code, C=native code)
V  [jvm.dll+0x5ecfaa]
V  [jvm.dll+0x722bd5]
V  [jvm.dll+0x72412d]
V  [jvm.dll+0x724745]
V  [jvm.dll+0x7246fb]
V  [jvm.dll+0x5ec348]
V  [jvm.dll+0x5ecad8]
C  [ntdll.dll+0xa467f]
C  [ntdll.dll+0x4bef]
C  [ntdll.dll+0xa33ee]
C  0x000001f0bafc0f2d

VM_Operation (0x000000c26e1f8e30): G1CollectForAllocation, mode: safepoint, requested by thread 0x000001f0dbe1c000


---------------  P R O C E S S  ---------------

Threads class SMR info:
_java_thread_list=0x000001f0d32ac600, length=51, elements={
0x000001f0b5cf0000, 0x000001f0d1855800, 0x000001f0d1861000, 0x000001f0d1871800,
0x000001f0d1874000, 0x000001f0d1875000, 0x000001f0d1878000, 0x000001f0d187b800,
0x000001f0d2235000, 0x000001f0d2324000, 0x000001f0d3b28800, 0x000001f0d3213000,
0x000001f0d3820000, 0x000001f0d3195800, 0x000001f0d3198000, 0x000001f0d3199800,
0x000001f0d3194800, 0x000001f0d319b800, 0x000001f0d4573000, 0x000001f0d4570800,
0x000001f0d4570000, 0x000001f0d4576800, 0x000001f0d4575800, 0x000001f0d4571800,
0x000001f0d4579000, 0x000001f0d319a800, 0x000001f0d3197000, 0x000001f0d3199000,
0x000001f0d4578000, 0x000001f0d4572000, 0x000001f0d4574800, 0x000001f0d457e800,
0x000001f0d457d800, 0x000001f0d4579800, 0x000001f0d457a800, 0x000001f0dbe1e800,
0x000001f0dbe1f000, 0x000001f0dbe1b000, 0x000001f0dbe1c000, 0x000001f0dbe1c800,
0x000001f0dbe19800, 0x000001f0db74a000, 0x000001f0db74b000, 0x000001f0db74b800,
0x000001f0d457d000, 0x000001f0dbe1a800, 0x000001f0db7fe800, 0x000001f0db7ff800,
0x000001f0db7fe000, 0x000001f0db7fa000, 0x000001f0db800800
}

Java Threads: ( => current thread )
  0x000001f0b5cf0000 JavaThread "main" [_thread_blocked, id=8020, stack(0x000000c26b300000,0x000000c26b400000)]
  0x000001f0d1855800 JavaThread "Reference Handler" daemon [_thread_blocked, id=5692, stack(0x000000c26ba00000,0x000000c26bb00000)]
  0x000001f0d1861000 JavaThread "Finalizer" daemon [_thread_blocked, id=14516, stack(0x000000c26bb00000,0x000000c26bc00000)]
  0x000001f0d1871800 JavaThread "Signal Dispatcher" daemon [_thread_blocked, id=14604, stack(0x000000c26bc00000,0x000000c26bd00000)]
  0x000001f0d1874000 JavaThread "Attach Listener" daemon [_thread_blocked, id=12328, stack(0x000000c26bd00000,0x000000c26be00000)]
  0x000001f0d1875000 JavaThread "Service Thread" daemon [_thread_blocked, id=16036, stack(0x000000c26be00000,0x000000c26bf00000)]
  0x000001f0d1878000 JavaThread "C2 CompilerThread0" daemon [_thread_blocked, id=14020, stack(0x000000c26bf00000,0x000000c26c000000)]
  0x000001f0d187b800 JavaThread "C1 CompilerThread0" daemon [_thread_blocked, id=4980, stack(0x000000c26c000000,0x000000c26c100000)]
  0x000001f0d2235000 JavaThread "Sweeper thread" daemon [_thread_blocked, id=14680, stack(0x000000c26c100000,0x000000c26c200000)]
  0x000001f0d2324000 JavaThread "Common-Cleaner" daemon [_thread_blocked, id=8920, stack(0x000000c26c200000,0x000000c26c300000)]
  0x000001f0d3b28800 JavaThread "Daemon health stats" [_thread_blocked, id=11792, stack(0x000000c26c600000,0x000000c26c700000)]
  0x000001f0d3213000 JavaThread "Incoming local TCP Connector on port 54525" [_thread_in_native, id=14676, stack(0x000000c26c400000,0x000000c26c500000)]
  0x000001f0d3820000 JavaThread "Daemon periodic checks" [_thread_blocked, id=7560, stack(0x000000c26c900000,0x000000c26ca00000)]
  0x000001f0d3195800 JavaThread "Cache worker for file hash cache (C:\Users\USER\.gradle\caches\7.0.2\fileHashes)" [_thread_blocked, id=8464, stack(0x000000c26d100000,0x000000c26d200000)]
  0x000001f0d3198000 JavaThread "File lock request listener" [_thread_in_native, id=4264, stack(0x000000c26d200000,0x000000c26d300000)]
  0x000001f0d3199800 JavaThread "Cache worker for journal cache (C:\Users\USER\.gradle\caches\journal-1)" [_thread_blocked, id=1592, stack(0x000000c26d300000,0x000000c26d400000)]
  0x000001f0d3194800 JavaThread "File watcher server" daemon [_thread_blocked, id=13440, stack(0x000000c26d500000,0x000000c26d600000)]
  0x000001f0d319b800 JavaThread "File watcher consumer" daemon [_thread_blocked, id=2900, stack(0x000000c26d600000,0x000000c26d700000)]
  0x000001f0d4573000 JavaThread "jar transforms" [_thread_blocked, id=15648, stack(0x000000c26d700000,0x000000c26d800000)]
  0x000001f0d4570800 JavaThread "jar transforms Thread 2" [_thread_blocked, id=4024, stack(0x000000c26d800000,0x000000c26d900000)]
  0x000001f0d4570000 JavaThread "jar transforms Thread 3" [_thread_blocked, id=9688, stack(0x000000c26d900000,0x000000c26da00000)]
  0x000001f0d4576800 JavaThread "jar transforms Thread 4" [_thread_blocked, id=14876, stack(0x000000c26da00000,0x000000c26db00000)]
  0x000001f0d4575800 JavaThread "Cache worker for execution history cache (C:\Users\USER\.gradle\caches\7.0.2\executionHistory)" [_thread_blocked, id=12484, stack(0x000000c26df00000,0x000000c26e000000)]
  0x000001f0d4571800 JavaThread "Cache worker for file content cache (C:\Users\USER\.gradle\caches\7.0.2\fileContent)" [_thread_blocked, id=6256, stack(0x000000c26e000000,0x000000c26e100000)]
  0x000001f0d4579000 JavaThread "Memory manager" [_thread_blocked, id=14832, stack(0x000000c26e700000,0x000000c26e800000)]
  0x000001f0d319a800 JavaThread "Daemon Thread 8" [_thread_blocked, id=2120, stack(0x000000c26b100000,0x000000c26b200000)]
  0x000001f0d3197000 JavaThread "Handler for socket connection from /127.0.0.1:54525 to /127.0.0.1:56034" [_thread_in_native, id=2060, stack(0x000000c26b200000,0x000000c26b300000)]
  0x000001f0d3199000 JavaThread "Cancel handler" [_thread_blocked, id=15328, stack(0x000000c26c700000,0x000000c26c800000)]
  0x000001f0d4578000 JavaThread "Daemon worker Thread 8" [_thread_blocked, id=6712, stack(0x000000c26c800000,0x000000c26c900000)]
  0x000001f0d4572000 JavaThread "Asynchronous log dispatcher for DefaultDaemonConnection: socket connection from /127.0.0.1:54525 to /127.0.0.1:56034" [_thread_blocked, id=13380, stack(0x000000c26ca00000,0x000000c26cb00000)]
  0x000001f0d4574800 JavaThread "Daemon client event forwarder" [_thread_blocked, id=14636, stack(0x000000c26cc00000,0x000000c26cd00000)]
  0x000001f0d457e800 JavaThread "Cache worker for file hash cache (C:\Users\USER\AndroidStudioProjects\onlineshopmobile\.gradle\7.0.2\fileHashes)" [_thread_blocked, id=11828, stack(0x000000c26cd00000,0x000000c26ce00000)]
  0x000001f0d457d800 JavaThread "Cache worker for checksums cache (C:\Users\USER\AndroidStudioProjects\onlineshopmobile\.gradle\checksums)" [_thread_blocked, id=14792, stack(0x000000c26ce00000,0x000000c26cf00000)]
  0x000001f0d4579800 JavaThread "Cache worker for cache directory md-supplier (C:\Users\USER\.gradle\caches\7.0.2\md-supplier)" [_thread_blocked, id=2960, stack(0x000000c26d400000,0x000000c26d500000)]
  0x000001f0d457a800 JavaThread "Cache worker for cache directory md-rule (C:\Users\USER\.gradle\caches\7.0.2\md-rule)" [_thread_blocked, id=4672, stack(0x000000c26db00000,0x000000c26dc00000)]
  0x000001f0dbe1e800 JavaThread "Cache worker for dependencies-accessors (C:\Users\USER\AndroidStudioProjects\onlineshopmobile\.gradle\7.0.2\dependencies-accessors)" [_thread_blocked, id=588, stack(0x000000c26dd00000,0x000000c26de00000)]
  0x000001f0dbe1f000 JavaThread "Cache worker for Build Output Cleanup Cache (C:\Users\USER\AndroidStudioProjects\onlineshopmobile\.gradle\buildOutputCleanup)" [_thread_blocked, id=13748, stack(0x000000c26de00000,0x000000c26df00000)]
  0x000001f0dbe1b000 JavaThread "Build operations" [_thread_blocked, id=15276, stack(0x000000c26dc00000,0x000000c26dd00000)]
  0x000001f0dbe1c000 JavaThread "Build operations Thread 2" [_thread_blocked, id=1076, stack(0x000000c26e100000,0x000000c26e200000)]
  0x000001f0dbe1c800 JavaThread "Build operations Thread 3" [_thread_blocked, id=15080, stack(0x000000c26e200000,0x000000c26e300000)]
  0x000001f0dbe19800 JavaThread "Build operations Thread 4" [_thread_blocked, id=12880, stack(0x000000c26e300000,0x000000c26e400000)]
  0x000001f0db74a000 JavaThread "build event listener" [_thread_blocked, id=14468, stack(0x000000c26e500000,0x000000c26e600000)]
  0x000001f0db74b000 JavaThread "Execution worker for ':'" [_thread_blocked, id=6116, stack(0x000000c26e600000,0x000000c26e700000)]
  0x000001f0db74b800 JavaThread "Execution worker for ':' Thread 2" [_thread_blocked, id=2280, stack(0x000000c26e800000,0x000000c26e900000)]
  0x000001f0d457d000 JavaThread "Execution worker for ':' Thread 3" [_thread_blocked, id=15720, stack(0x000000c26e900000,0x000000c26ea00000)]
  0x000001f0dbe1a800 JavaThread "Cache worker for execution history cache (C:\Users\USER\AndroidStudioProjects\onlineshopmobile\.gradle\7.0.2\executionHistory)" [_thread_blocked, id=7064, stack(0x000000c26ea00000,0x000000c26eb00000)]
  0x000001f0db7fe800 JavaThread "WorkerExecutor Queue Thread 2" [_thread_blocked, id=8448, stack(0x000000c26ed00000,0x000000c26ee00000)]
  0x000001f0db7ff800 JavaThread "WorkerExecutor Queue Thread 3" [_thread_blocked, id=15580, stack(0x000000c26ee00000,0x000000c26ef00000)]
  0x000001f0db7fe000 JavaThread "WorkerExecutor Queue Thread 4" [_thread_blocked, id=1280, stack(0x000000c26ef00000,0x000000c26f000000)]
  0x000001f0db7fa000 JavaThread "WorkerExecutor Queue Thread 5" [_thread_blocked, id=10984, stack(0x000000c26ec00000,0x000000c26ed00000)]
  0x000001f0db800800 JavaThread "C2 CompilerThread1" daemon [_thread_in_native, id=8264, stack(0x000000c26f100000,0x000000c26f200000)]

Other Threads:
=>0x000001f0d1853000 VMThread "VM Thread" [stack: 0x000000c26b900000,0x000000c26ba00000] [id=9792]
  0x000001f0d234d000 WatcherThread [stack: 0x000000c26c300000,0x000000c26c400000] [id=11652]
  0x000001f0b5d09800 GCTaskThread "GC Thread#0" [stack: 0x000000c26b400000,0x000000c26b500000] [id=12568]
  0x000001f0d2818000 GCTaskThread "GC Thread#1" [stack: 0x000000c26c500000,0x000000c26c600000] [id=12740]
  0x000001f0d33a0800 GCTaskThread "GC Thread#2" [stack: 0x000000c26cf00000,0x000000c26d000000] [id=15524]
  0x000001f0d3c95000 GCTaskThread "GC Thread#3" [stack: 0x000000c26d000000,0x000000c26d100000] [id=11536]
  0x000001f0b5d3a800 ConcurrentGCThread "G1 Main Marker" [stack: 0x000000c26b500000,0x000000c26b600000] [id=6628]
  0x000001f0b5d3d000 ConcurrentGCThread "G1 Conc#0" [stack: 0x000000c26b600000,0x000000c26b700000] [id=10476]
  0x000001f0d16a0800 ConcurrentGCThread "G1 Refine#0" [stack: 0x000000c26b700000,0x000000c26b800000] [id=5764]
  0x000001f0d87e7800 ConcurrentGCThread "G1 Refine#1" [stack: 0x000000c26b000000,0x000000c26b100000] [id=4612]
  0x000001f0d16a1800 ConcurrentGCThread "G1 Young RemSet Sampling" [stack: 0x000000c26b800000,0x000000c26b900000] [id=9116]

Threads with active compile tasks:
C2 CompilerThread08799040 27901       4       com.android.tools.r8.internal.Le::a (3140 bytes)
C1 CompilerThread08799040 28114       2       com.android.tools.r8.internal.pr$$Lambda$1825/0x000000010118a040::test (12 bytes)
C2 CompilerThread18799040 27930       4       com.android.tools.r8.internal.Kv::a (1305 bytes)

VM state:at safepoint (normal execution)

VM Mutex/Monitor currently owned by a thread:  ([mutex/lock_event])
[0x000001f0b5ced330] Threads_lock - owner thread: 0x000001f0d1853000
[0x000001f0b5ced210] Heap_lock - owner thread: 0x000001f0dbe1c000

Heap address: 0x0000000080000000, size: 2048 MB, Compressed Oops mode: 32-bit
Narrow klass base: 0x0000000000000000, Narrow klass shift: 3
Compressed class space size: 1073741824 Address: 0x0000000100000000

Heap:
 garbage-first heap   total 414720K, used 142254K [0x0000000080000000, 0x0000000100000000)
  region size 1024K, 3 young (3072K), 3 survivors (3072K)
 Metaspace       used 136398K, capacity 140135K, committed 140280K, reserved 1171456K
  class space    used 16669K, capacity 17967K, committed 17996K, reserved 1048576K
Heap Regions: E=young(eden), S=young(survivor), O=old, HS=humongous(starts), HC=humongous(continues), CS=collection set, F=free, A=archive, TAMS=top-at-mark-start (previous, next)
|   0|0x0000000080000000, 0x0000000080100000, 0x0000000080100000|100%| O|  |TAMS 0x0000000080100000, 0x0000000080100000| Untracked 
|   1|0x0000000080100000, 0x0000000080200000, 0x0000000080200000|100%| O|  |TAMS 0x0000000080200000, 0x0000000080200000| Untracked 
|   2|0x0000000080200000, 0x0000000080300000, 0x0000000080300000|100%| O|  |TAMS 0x0000000080300000, 0x0000000080300000| Untracked 
|   3|0x0000000080300000, 0x0000000080400000, 0x0000000080400000|100%|HS|  |TAMS 0x0000000080400000, 0x0000000080400000| Complete 
|   4|0x0000000080400000, 0x0000000080500000, 0x0000000080500000|100%|HC|  |TAMS 0x0000000080500000, 0x0000000080500000| Complete 
|   5|0x0000000080500000, 0x0000000080600000, 0x0000000080600000|100%|HC|  |TAMS 0x0000000080600000, 0x0000000080600000| Complete 
|   6|0x0000000080600000, 0x0000000080700000, 0x0000000080700000|100%| O|  |TAMS 0x0000000080700000, 0x0000000080700000| Untracked 
|   7|0x0000000080700000, 0x0000000080800000, 0x0000000080800000|100%| O|  |TAMS 0x0000000080800000, 0x0000000080800000| Untracked 
|   8|0x0000000080800000, 0x0000000080900000, 0x0000000080900000|100%| O|  |TAMS 0x0000000080900000, 0x0000000080900000| Untracked 
|   9|0x0000000080900000, 0x0000000080a00000, 0x0000000080a00000|100%| O|  |TAMS 0x0000000080a00000, 0x0000000080a00000| Untracked 
|  10|0x0000000080a00000, 0x0000000080b00000, 0x0000000080b00000|100%| O|  |TAMS 0x0000000080b00000, 0x0000000080b00000| Untracked 
|  11|0x0000000080b00000, 0x0000000080c00000, 0x0000000080c00000|100%| O|  |TAMS 0x0000000080c00000, 0x0000000080c00000| Untracked 
|  12|0x0000000080c00000, 0x0000000080d00000, 0x0000000080d00000|100%| O|  |TAMS 0x0000000080d00000, 0x0000000080d00000| Untracked 
|  13|0x0000000080d00000, 0x0000000080e00000, 0x0000000080e00000|100%| O|  |TAMS 0x0000000080e00000, 0x0000000080e00000| Untracked 
|  14|0x0000000080e00000, 0x0000000080f00000, 0x0000000080f00000|100%| O|  |TAMS 0x0000000080e00000, 0x0000000080f00000| Untracked 
|  15|0x0000000080f00000, 0x0000000081000000, 0x0000000081000000|100%| O|  |TAMS 0x0000000081000000, 0x0000000081000000| Untracked 
|  16|0x0000000081000000, 0x0000000081100000, 0x0000000081100000|100%|HS|  |TAMS 0x0000000081100000, 0x0000000081100000| Complete 
|  17|0x0000000081100000, 0x0000000081200000, 0x0000000081200000|100%|HC|  |TAMS 0x0000000081200000, 0x0000000081200000| Complete 
|  18|0x0000000081200000, 0x0000000081300000, 0x0000000081300000|100%|HS|  |TAMS 0x0000000081300000, 0x0000000081300000| Complete 
|  19|0x0000000081300000, 0x0000000081400000, 0x0000000081400000|100%|HC|  |TAMS 0x0000000081400000, 0x0000000081400000| Complete 
|  20|0x0000000081400000, 0x0000000081500000, 0x0000000081500000|100%|HC|  |TAMS 0x0000000081500000, 0x0000000081500000| Complete 
|  21|0x0000000081500000, 0x0000000081600000, 0x0000000081600000|100%|HS|  |TAMS 0x0000000081600000, 0x0000000081600000| Complete 
|  22|0x0000000081600000, 0x0000000081700000, 0x0000000081700000|100%|HC|  |TAMS 0x0000000081700000, 0x0000000081700000| Complete 
|  23|0x0000000081700000, 0x0000000081800000, 0x0000000081800000|100%|HC|  |TAMS 0x0000000081800000, 0x0000000081800000| Complete 
|  24|0x0000000081800000, 0x0000000081900000, 0x0000000081900000|100%|HC|  |TAMS 0x0000000081900000, 0x0000000081900000| Complete 
|  25|0x0000000081900000, 0x0000000081a00000, 0x0000000081a00000|100%|HC|  |TAMS 0x0000000081a00000, 0x0000000081a00000| Complete 
|  26|0x0000000081a00000, 0x0000000081b00000, 0x0000000081b00000|100%| O|  |TAMS 0x0000000081b00000, 0x0000000081b00000| Untracked 
|  27|0x0000000081b00000, 0x0000000081c00000, 0x0000000081c00000|100%| O|  |TAMS 0x0000000081c00000, 0x0000000081c00000| Untracked 
|  28|0x0000000081c00000, 0x0000000081d00000, 0x0000000081d00000|100%|HS|  |TAMS 0x0000000081d00000, 0x0000000081d00000| Complete 
|  29|0x0000000081d00000, 0x0000000081e00000, 0x0000000081e00000|100%|HC|  |TAMS 0x0000000081e00000, 0x0000000081e00000| Complete 
|  30|0x0000000081e00000, 0x0000000081f00000, 0x0000000081f00000|100%|HC|  |TAMS 0x0000000081f00000, 0x0000000081f00000| Complete 
|  31|0x0000000081f00000, 0x0000000082000000, 0x0000000082000000|100%| O|  |TAMS 0x0000000082000000, 0x0000000082000000| Untracked 
|  32|0x0000000082000000, 0x0000000082100000, 0x0000000082100000|100%| O|  |TAMS 0x0000000082100000, 0x0000000082100000| Untracked 
|  33|0x0000000082100000, 0x0000000082200000, 0x0000000082200000|100%| O|  |TAMS 0x0000000082200000, 0x0000000082200000| Untracked 
|  34|0x0000000082200000, 0x0000000082300000, 0x0000000082300000|100%| O|  |TAMS 0x0000000082300000, 0x0000000082300000| Untracked 
|  35|0x0000000082300000, 0x0000000082400000, 0x0000000082400000|100%| O|  |TAMS 0x0000000082400000, 0x0000000082400000| Untracked 
|  36|0x0000000082400000, 0x0000000082500000, 0x0000000082500000|100%|HS|  |TAMS 0x0000000082500000, 0x0000000082500000| Complete 
|  37|0x0000000082500000, 0x0000000082600000, 0x0000000082600000|100%|HC|  |TAMS 0x0000000082600000, 0x0000000082600000| Complete 
|  38|0x0000000082600000, 0x0000000082700000, 0x0000000082700000|100%|HC|  |TAMS 0x0000000082700000, 0x0000000082700000| Complete 
|  39|0x0000000082700000, 0x0000000082800000, 0x0000000082800000|100%|HC|  |TAMS 0x0000000082800000, 0x0000000082800000| Complete 
|  40|0x0000000082800000, 0x0000000082900000, 0x0000000082900000|100%|HC|  |TAMS 0x0000000082900000, 0x0000000082900000| Complete 
|  41|0x0000000082900000, 0x0000000082a00000, 0x0000000082a00000|100%| O|  |TAMS 0x0000000082a00000, 0x0000000082a00000| Untracked 
|  42|0x0000000082a00000, 0x0000000082b00000, 0x0000000082b00000|100%| O|  |TAMS 0x0000000082b00000, 0x0000000082b00000| Untracked 
|  43|0x0000000082b00000, 0x0000000082c00000, 0x0000000082c00000|100%| O|  |TAMS 0x0000000082c00000, 0x0000000082c00000| Untracked 
|  44|0x0000000082c00000, 0x0000000082d00000, 0x0000000082d00000|100%| O|  |TAMS 0x0000000082d00000, 0x0000000082d00000| Untracked 
|  45|0x0000000082d00000, 0x0000000082e00000, 0x0000000082e00000|100%| O|  |TAMS 0x0000000082e00000, 0x0000000082e00000| Untracked 
|  46|0x0000000082e00000, 0x0000000082f00000, 0x0000000082f00000|100%| O|  |TAMS 0x0000000082f00000, 0x0000000082f00000| Untracked 
|  47|0x0000000082f00000, 0x0000000083000000, 0x0000000083000000|100%| O|  |TAMS 0x0000000083000000, 0x0000000083000000| Untracked 
|  48|0x0000000083000000, 0x0000000083100000, 0x0000000083100000|100%| O|  |TAMS 0x0000000083100000, 0x0000000083100000| Untracked 
|  49|0x0000000083100000, 0x0000000083200000, 0x0000000083200000|100%| O|  |TAMS 0x0000000083200000, 0x0000000083200000| Untracked 
|  50|0x0000000083200000, 0x0000000083300000, 0x0000000083300000|100%| O|  |TAMS 0x0000000083300000, 0x0000000083300000| Untracked 
|  51|0x0000000083300000, 0x0000000083400000, 0x0000000083400000|100%| O|  |TAMS 0x0000000083400000, 0x0000000083400000| Untracked 
|  52|0x0000000083400000, 0x0000000083500000, 0x0000000083500000|100%|HS|  |TAMS 0x0000000083500000, 0x0000000083500000| Complete 
|  53|0x0000000083500000, 0x0000000083600000, 0x0000000083600000|100%|HS|  |TAMS 0x0000000083600000, 0x0000000083600000| Complete 
|  54|0x0000000083600000, 0x0000000083700000, 0x0000000083700000|100%|HS|  |TAMS 0x0000000083700000, 0x0000000083700000| Complete 
|  55|0x0000000083700000, 0x0000000083800000, 0x0000000083800000|100%|HC|  |TAMS 0x0000000083800000, 0x0000000083800000| Complete 
|  56|0x0000000083800000, 0x0000000083900000, 0x0000000083900000|100%| O|  |TAMS 0x0000000083900000, 0x0000000083900000| Untracked 
|  57|0x0000000083900000, 0x0000000083a00000, 0x0000000083a00000|100%| O|  |TAMS 0x0000000083a00000, 0x0000000083a00000| Untracked 
|  58|0x0000000083a00000, 0x0000000083b00000, 0x0000000083b00000|100%| O|  |TAMS 0x0000000083b00000, 0x0000000083b00000| Untracked 
|  59|0x0000000083b00000, 0x0000000083c00000, 0x0000000083c00000|100%| O|  |TAMS 0x0000000083c00000, 0x0000000083c00000| Untracked 
|  60|0x0000000083c00000, 0x0000000083d00000, 0x0000000083d00000|100%| O|  |TAMS 0x0000000083d00000, 0x0000000083d00000| Untracked 
|  61|0x0000000083d00000, 0x0000000083e00000, 0x0000000083e00000|100%| O|  |TAMS 0x0000000083e00000, 0x0000000083e00000| Untracked 
|  62|0x0000000083e00000, 0x0000000083f00000, 0x0000000083f00000|100%| O|  |TAMS 0x0000000083f00000, 0x0000000083f00000| Untracked 
|  63|0x0000000083f00000, 0x0000000084000000, 0x0000000084000000|100%| O|  |TAMS 0x0000000084000000, 0x0000000084000000| Untracked 
|  64|0x0000000084000000, 0x0000000084100000, 0x0000000084100000|100%| O|  |TAMS 0x0000000084100000, 0x0000000084100000| Untracked 
|  65|0x0000000084100000, 0x0000000084200000, 0x0000000084200000|100%| O|  |TAMS 0x0000000084200000, 0x0000000084200000| Untracked 
|  66|0x0000000084200000, 0x0000000084300000, 0x0000000084300000|100%| O|  |TAMS 0x0000000084300000, 0x0000000084300000| Untracked 
|  67|0x0000000084300000, 0x0000000084400000, 0x0000000084400000|100%| O|  |TAMS 0x0000000084400000, 0x0000000084400000| Untracked 
|  68|0x0000000084400000, 0x0000000084500000, 0x0000000084500000|100%| O|  |TAMS 0x0000000084500000, 0x0000000084500000| Untracked 
|  69|0x0000000084500000, 0x0000000084600000, 0x0000000084600000|100%| O|  |TAMS 0x0000000084600000, 0x0000000084600000| Untracked 
|  70|0x0000000084600000, 0x0000000084700000, 0x0000000084700000|100%| O|  |TAMS 0x0000000084700000, 0x0000000084700000| Untracked 
|  71|0x0000000084700000, 0x0000000084800000, 0x0000000084800000|100%| O|  |TAMS 0x0000000084800000, 0x0000000084800000| Untracked 
|  72|0x0000000084800000, 0x0000000084900000, 0x0000000084900000|100%| O|  |TAMS 0x0000000084900000, 0x0000000084900000| Untracked 
|  73|0x0000000084900000, 0x0000000084a00000, 0x0000000084a00000|100%| O|  |TAMS 0x0000000084a00000, 0x0000000084a00000| Untracked 
|  74|0x0000000084a00000, 0x0000000084b00000, 0x0000000084b00000|100%| O|  |TAMS 0x0000000084b00000, 0x0000000084b00000| Untracked 
|  75|0x0000000084b00000, 0x0000000084c00000, 0x0000000084c00000|100%| O|  |TAMS 0x0000000084c00000, 0x0000000084c00000| Untracked 
|  76|0x0000000084c00000, 0x0000000084d00000, 0x0000000084d00000|100%| O|  |TAMS 0x0000000084d00000, 0x0000000084d00000| Untracked 
|  77|0x0000000084d00000, 0x0000000084e00000, 0x0000000084e00000|100%| O|  |TAMS 0x0000000084e00000, 0x0000000084e00000| Untracked 
|  78|0x0000000084e00000, 0x0000000084f00000, 0x0000000084f00000|100%| O|  |TAMS 0x0000000084f00000, 0x0000000084f00000| Untracked 
|  79|0x0000000084f00000, 0x0000000085000000, 0x0000000085000000|100%| O|  |TAMS 0x0000000085000000, 0x0000000085000000| Untracked 
|  80|0x0000000085000000, 0x0000000085100000, 0x0000000085100000|100%| O|  |TAMS 0x0000000085100000, 0x0000000085100000| Untracked 
|  81|0x0000000085100000, 0x0000000085200000, 0x0000000085200000|100%| O|  |TAMS 0x0000000085200000, 0x0000000085200000| Untracked 
|  82|0x0000000085200000, 0x0000000085300000, 0x0000000085300000|100%| O|  |TAMS 0x0000000085300000, 0x0000000085300000| Untracked 
|  83|0x0000000085300000, 0x0000000085400000, 0x0000000085400000|100%| O|  |TAMS 0x0000000085400000, 0x0000000085400000| Untracked 
|  84|0x0000000085400000, 0x0000000085500000, 0x0000000085500000|100%| O|  |TAMS 0x0000000085500000, 0x0000000085500000| Untracked 
|  85|0x0000000085500000, 0x0000000085600000, 0x0000000085600000|100%| O|  |TAMS 0x0000000085600000, 0x0000000085600000| Untracked 
|  86|0x0000000085600000, 0x0000000085600000, 0x0000000085700000|  0%| F|  |TAMS 0x0000000085600000, 0x0000000085600000| Untracked 
|  87|0x0000000085700000, 0x0000000085800000, 0x0000000085800000|100%| O|  |TAMS 0x0000000085800000, 0x0000000085800000| Untracked 
|  88|0x0000000085800000, 0x0000000085900000, 0x0000000085900000|100%| O|  |TAMS 0x0000000085900000, 0x0000000085900000| Untracked 
|  89|0x0000000085900000, 0x0000000085a00000, 0x0000000085a00000|100%| O|  |TAMS 0x0000000085a00000, 0x0000000085a00000| Untracked 
|  90|0x0000000085a00000, 0x0000000085b00000, 0x0000000085b00000|100%| O|  |TAMS 0x0000000085b00000, 0x0000000085b00000| Untracked 
|  91|0x0000000085b00000, 0x0000000085c00000, 0x0000000085c00000|100%| O|  |TAMS 0x0000000085c00000, 0x0000000085c00000| Untracked 
|  92|0x0000000085c00000, 0x0000000085d00000, 0x0000000085d00000|100%| O|  |TAMS 0x0000000085d00000, 0x0000000085d00000| Untracked 
|  93|0x0000000085d00000, 0x0000000085e00000, 0x0000000085e00000|100%| O|  |TAMS 0x0000000085e00000, 0x0000000085e00000| Untracked 
|  94|0x0000000085e00000, 0x0000000085f00000, 0x0000000085f00000|100%| O|  |TAMS 0x0000000085f00000, 0x0000000085f00000| Untracked 
|  95|0x0000000085f00000, 0x0000000086000000, 0x0000000086000000|100%| O|  |TAMS 0x0000000086000000, 0x0000000086000000| Untracked 
|  96|0x0000000086000000, 0x0000000086100000, 0x0000000086100000|100%| O|  |TAMS 0x0000000086100000, 0x0000000086100000| Untracked 
|  97|0x0000000086100000, 0x0000000086200000, 0x0000000086200000|100%| O|  |TAMS 0x0000000086200000, 0x0000000086200000| Untracked 
|  98|0x0000000086200000, 0x0000000086300000, 0x0000000086300000|100%| O|  |TAMS 0x0000000086300000, 0x0000000086300000| Untracked 
|  99|0x0000000086300000, 0x0000000086400000, 0x0000000086400000|100%| O|  |TAMS 0x0000000086400000, 0x0000000086400000| Untracked 
| 100|0x0000000086400000, 0x0000000086500000, 0x0000000086500000|100%| O|  |TAMS 0x0000000086500000, 0x0000000086500000| Untracked 
| 101|0x0000000086500000, 0x0000000086600000, 0x0000000086600000|100%| O|  |TAMS 0x0000000086600000, 0x0000000086600000| Untracked 
| 102|0x0000000086600000, 0x0000000086700000, 0x0000000086700000|100%| O|  |TAMS 0x0000000086700000, 0x0000000086700000| Untracked 
| 103|0x0000000086700000, 0x0000000086800000, 0x0000000086800000|100%| O|  |TAMS 0x0000000086800000, 0x0000000086800000| Untracked 
| 104|0x0000000086800000, 0x0000000086900000, 0x0000000086900000|100%| O|  |TAMS 0x0000000086900000, 0x0000000086900000| Untracked 
| 105|0x0000000086900000, 0x0000000086a00000, 0x0000000086a00000|100%| O|  |TAMS 0x0000000086a00000, 0x0000000086a00000| Untracked 
| 106|0x0000000086a00000, 0x0000000086b00000, 0x0000000086b00000|100%| O|  |TAMS 0x0000000086b00000, 0x0000000086b00000| Untracked 
| 107|0x0000000086b00000, 0x0000000086c00000, 0x0000000086c00000|100%| O|  |TAMS 0x0000000086c00000, 0x0000000086c00000| Untracked 
| 108|0x0000000086c00000, 0x0000000086d00000, 0x0000000086d00000|100%| O|  |TAMS 0x0000000086d00000, 0x0000000086d00000| Untracked 
| 109|0x0000000086d00000, 0x0000000086e00000, 0x0000000086e00000|100%| O|  |TAMS 0x0000000086e00000, 0x0000000086e00000| Untracked 
| 110|0x0000000086e00000, 0x0000000086f00000, 0x0000000086f00000|100%| O|  |TAMS 0x0000000086f00000, 0x0000000086f00000| Untracked 
| 111|0x0000000086f00000, 0x0000000087000000, 0x0000000087000000|100%| O|  |TAMS 0x0000000087000000, 0x0000000087000000| Untracked 
| 112|0x0000000087000000, 0x0000000087100000, 0x0000000087100000|100%| O|  |TAMS 0x0000000087100000, 0x0000000087100000| Untracked 
| 113|0x0000000087100000, 0x0000000087200000, 0x0000000087200000|100%| O|  |TAMS 0x0000000087200000, 0x0000000087200000| Untracked 
| 114|0x0000000087200000, 0x0000000087300000, 0x0000000087300000|100%| O|  |TAMS 0x0000000087300000, 0x0000000087300000| Untracked 
| 115|0x0000000087300000, 0x0000000087400000, 0x0000000087400000|100%| O|  |TAMS 0x0000000087400000, 0x0000000087400000| Untracked 
| 116|0x0000000087400000, 0x0000000087500000, 0x0000000087500000|100%| O|  |TAMS 0x0000000087500000, 0x0000000087500000| Untracked 
| 117|0x0000000087500000, 0x0000000087600000, 0x0000000087600000|100%| O|  |TAMS 0x0000000087600000, 0x0000000087600000| Untracked 
| 118|0x0000000087600000, 0x0000000087700000, 0x0000000087700000|100%| O|  |TAMS 0x0000000087700000, 0x0000000087700000| Untracked 
| 119|0x0000000087700000, 0x0000000087800000, 0x0000000087800000|100%| O|  |TAMS 0x0000000087800000, 0x0000000087800000| Untracked 
| 120|0x0000000087800000, 0x0000000087900000, 0x0000000087900000|100%| O|  |TAMS 0x0000000087871000, 0x0000000087900000| Untracked 
| 121|0x0000000087900000, 0x0000000087a00000, 0x0000000087a00000|100%| O|  |TAMS 0x0000000087a00000, 0x0000000087a00000| Untracked 
| 122|0x0000000087a00000, 0x0000000087b00000, 0x0000000087b00000|100%| O|  |TAMS 0x0000000087b00000, 0x0000000087b00000| Untracked 
| 123|0x0000000087b00000, 0x0000000087c00000, 0x0000000087c00000|100%| O|  |TAMS 0x0000000087c00000, 0x0000000087c00000| Untracked 
| 124|0x0000000087c00000, 0x0000000087d00000, 0x0000000087d00000|100%| O|  |TAMS 0x0000000087d00000, 0x0000000087d00000| Untracked 
| 125|0x0000000087d00000, 0x0000000087e00000, 0x0000000087e00000|100%| O|  |TAMS 0x0000000087e00000, 0x0000000087e00000| Untracked 
| 126|0x0000000087e00000, 0x0000000087f00000, 0x0000000087f00000|100%| O|  |TAMS 0x0000000087f00000, 0x0000000087f00000| Untracked 
| 127|0x0000000087f00000, 0x0000000088000000, 0x0000000088000000|100%| O|  |TAMS 0x0000000088000000, 0x0000000088000000| Untracked 
| 128|0x0000000088000000, 0x0000000088100000, 0x0000000088100000|100%| O|  |TAMS 0x0000000088100000, 0x0000000088100000| Untracked 
| 129|0x0000000088100000, 0x0000000088200000, 0x0000000088200000|100%| O|  |TAMS 0x0000000088200000, 0x0000000088200000| Untracked 
| 130|0x0000000088200000, 0x0000000088300000, 0x0000000088300000|100%| O|  |TAMS 0x0000000088200000, 0x0000000088300000| Untracked 
| 131|0x0000000088300000, 0x0000000088400000, 0x0000000088400000|100%| O|  |TAMS 0x0000000088400000, 0x0000000088400000| Untracked 
| 132|0x0000000088400000, 0x000000008848e400, 0x0000000088500000| 55%| O|  |TAMS 0x0000000088400000, 0x000000008848e400| Untracked 
| 133|0x0000000088500000, 0x0000000088500000, 0x0000000088600000|  0%| F|  |TAMS 0x0000000088500000, 0x0000000088500000| Untracked 
| 134|0x0000000088600000, 0x0000000088600000, 0x0000000088700000|  0%| F|  |TAMS 0x0000000088600000, 0x0000000088600000| Untracked 
| 135|0x0000000088700000, 0x0000000088800000, 0x0000000088800000|100%| O|  |TAMS 0x0000000088800000, 0x0000000088800000| Untracked 
| 136|0x0000000088800000, 0x0000000088900000, 0x0000000088900000|100%| O|  |TAMS 0x0000000088900000, 0x0000000088900000| Untracked 
| 137|0x0000000088900000, 0x0000000088a00000, 0x0000000088a00000|100%| O|  |TAMS 0x0000000088a00000, 0x0000000088a00000| Untracked 
| 138|0x0000000088a00000, 0x0000000088b00000, 0x0000000088b00000|100%| O|  |TAMS 0x0000000088b00000, 0x0000000088b00000| Untracked 
| 139|0x0000000088b00000, 0x0000000088c00000, 0x0000000088c00000|100%| O|  |TAMS 0x0000000088c00000, 0x0000000088c00000| Untracked 
| 140|0x0000000088c00000, 0x0000000088c00000, 0x0000000088d00000|  0%| F|  |TAMS 0x0000000088c00000, 0x0000000088c00000| Untracked 
| 141|0x0000000088d00000, 0x0000000088d00000, 0x0000000088e00000|  0%| F|  |TAMS 0x0000000088d00000, 0x0000000088d00000| Untracked 
| 142|0x0000000088e00000, 0x0000000088e00000, 0x0000000088f00000|  0%| F|  |TAMS 0x0000000088e00000, 0x0000000088e00000| Untracked 
| 143|0x0000000088f00000, 0x0000000088f00000, 0x0000000089000000|  0%| F|  |TAMS 0x0000000088f00000, 0x0000000088f00000| Untracked 
| 144|0x0000000089000000, 0x0000000089000000, 0x0000000089100000|  0%| F|  |TAMS 0x0000000089000000, 0x0000000089000000| Untracked 
| 145|0x0000000089100000, 0x0000000089100000, 0x0000000089200000|  0%| F|  |TAMS 0x0000000089100000, 0x0000000089100000| Untracked 
| 146|0x0000000089200000, 0x0000000089200000, 0x0000000089300000|  0%| F|  |TAMS 0x0000000089200000, 0x0000000089200000| Untracked 
| 147|0x0000000089300000, 0x0000000089300000, 0x0000000089400000|  0%| F|  |TAMS 0x0000000089300000, 0x0000000089300000| Untracked 
| 148|0x0000000089400000, 0x0000000089400000, 0x0000000089500000|  0%| F|  |TAMS 0x0000000089400000, 0x0000000089400000| Untracked 
| 149|0x0000000089500000, 0x0000000089500000, 0x0000000089600000|  0%| F|  |TAMS 0x0000000089500000, 0x0000000089500000| Untracked 
| 150|0x0000000089600000, 0x0000000089600000, 0x0000000089700000|  0%| F|  |TAMS 0x0000000089600000, 0x0000000089600000| Untracked 
| 151|0x0000000089700000, 0x0000000089700000, 0x0000000089800000|  0%| F|  |TAMS 0x0000000089700000, 0x0000000089700000| Untracked 
| 152|0x0000000089800000, 0x0000000089800000, 0x0000000089900000|  0%| F|  |TAMS 0x0000000089800000, 0x0000000089800000| Untracked 
| 153|0x0000000089900000, 0x0000000089900000, 0x0000000089a00000|  0%| F|  |TAMS 0x0000000089900000, 0x0000000089900000| Untracked 
| 154|0x0000000089a00000, 0x0000000089a00000, 0x0000000089b00000|  0%| F|  |TAMS 0x0000000089a00000, 0x0000000089a00000| Untracked 
| 155|0x0000000089b00000, 0x0000000089b00000, 0x0000000089c00000|  0%| F|  |TAMS 0x0000000089b00000, 0x0000000089b00000| Untracked 
| 156|0x0000000089c00000, 0x0000000089c00000, 0x0000000089d00000|  0%| F|  |TAMS 0x0000000089c00000, 0x0000000089c00000| Untracked 
| 157|0x0000000089d00000, 0x0000000089d00000, 0x0000000089e00000|  0%| F|  |TAMS 0x0000000089d00000, 0x0000000089d00000| Untracked 
| 158|0x0000000089e00000, 0x0000000089e00000, 0x0000000089f00000|  0%| F|  |TAMS 0x0000000089e00000, 0x0000000089e00000| Untracked 
| 159|0x0000000089f00000, 0x0000000089f00000, 0x000000008a000000|  0%| F|  |TAMS 0x0000000089f00000, 0x0000000089f00000| Untracked 
| 160|0x000000008a000000, 0x000000008a000000, 0x000000008a100000|  0%| F|  |TAMS 0x000000008a000000, 0x000000008a000000| Untracked 
| 161|0x000000008a100000, 0x000000008a100000, 0x000000008a200000|  0%| F|  |TAMS 0x000000008a100000, 0x000000008a100000| Untracked 
| 162|0x000000008a200000, 0x000000008a200000, 0x000000008a300000|  0%| F|  |TAMS 0x000000008a200000, 0x000000008a200000| Untracked 
| 163|0x000000008a300000, 0x000000008a300000, 0x000000008a400000|  0%| F|  |TAMS 0x000000008a300000, 0x000000008a300000| Untracked 
| 164|0x000000008a400000, 0x000000008a400000, 0x000000008a500000|  0%| F|  |TAMS 0x000000008a400000, 0x000000008a400000| Untracked 
| 165|0x000000008a500000, 0x000000008a500000, 0x000000008a600000|  0%| F|  |TAMS 0x000000008a500000, 0x000000008a500000| Untracked 
| 166|0x000000008a600000, 0x000000008a600000, 0x000000008a700000|  0%| F|  |TAMS 0x000000008a600000, 0x000000008a600000| Untracked 
| 167|0x000000008a700000, 0x000000008a700000, 0x000000008a800000|  0%| F|  |TAMS 0x000000008a700000, 0x000000008a700000| Untracked 
| 168|0x000000008a800000, 0x000000008a800000, 0x000000008a900000|  0%| F|  |TAMS 0x000000008a800000, 0x000000008a800000| Untracked 
| 169|0x000000008a900000, 0x000000008a900000, 0x000000008aa00000|  0%| F|  |TAMS 0x000000008a900000, 0x000000008a900000| Untracked 
| 170|0x000000008aa00000, 0x000000008aa00000, 0x000000008ab00000|  0%| F|  |TAMS 0x000000008aa00000, 0x000000008aa00000| Untracked 
| 171|0x000000008ab00000, 0x000000008ab5d490, 0x000000008ac00000| 36%| S|CS|TAMS 0x000000008ab00000, 0x000000008ab00000| Complete 
| 172|0x000000008ac00000, 0x000000008ad00000, 0x000000008ad00000|100%| S|CS|TAMS 0x000000008ac00000, 0x000000008ac00000| Complete 
| 173|0x000000008ad00000, 0x000000008ae00000, 0x000000008ae00000|100%| S|CS|TAMS 0x000000008ad00000, 0x000000008ad00000| Complete 
| 174|0x000000008ae00000, 0x000000008ae00000, 0x000000008af00000|  0%| F|  |TAMS 0x000000008ae00000, 0x000000008ae00000| Untracked 
| 175|0x000000008af00000, 0x000000008af00000, 0x000000008b000000|  0%| F|  |TAMS 0x000000008af00000, 0x000000008af00000| Untracked 
| 176|0x000000008b000000, 0x000000008b000000, 0x000000008b100000|  0%| F|  |TAMS 0x000000008b000000, 0x000000008b000000| Untracked 
| 177|0x000000008b100000, 0x000000008b100000, 0x000000008b200000|  0%| F|  |TAMS 0x000000008b100000, 0x000000008b100000| Untracked 
| 178|0x000000008b200000, 0x000000008b200000, 0x000000008b300000|  0%| F|  |TAMS 0x000000008b200000, 0x000000008b200000| Untracked 
| 179|0x000000008b300000, 0x000000008b300000, 0x000000008b400000|  0%| F|  |TAMS 0x000000008b300000, 0x000000008b300000| Untracked 
| 180|0x000000008b400000, 0x000000008b400000, 0x000000008b500000|  0%| F|  |TAMS 0x000000008b400000, 0x000000008b400000| Untracked 
| 181|0x000000008b500000, 0x000000008b500000, 0x000000008b600000|  0%| F|  |TAMS 0x000000008b500000, 0x000000008b500000| Untracked 
| 182|0x000000008b600000, 0x000000008b600000, 0x000000008b700000|  0%| F|  |TAMS 0x000000008b600000, 0x000000008b600000| Untracked 
| 183|0x000000008b700000, 0x000000008b700000, 0x000000008b800000|  0%| F|  |TAMS 0x000000008b700000, 0x000000008b700000| Untracked 
| 184|0x000000008b800000, 0x000000008b800000, 0x000000008b900000|  0%| F|  |TAMS 0x000000008b800000, 0x000000008b800000| Untracked 
| 185|0x000000008b900000, 0x000000008b900000, 0x000000008ba00000|  0%| F|  |TAMS 0x000000008b900000, 0x000000008b900000| Untracked 
| 186|0x000000008ba00000, 0x000000008ba00000, 0x000000008bb00000|  0%| F|  |TAMS 0x000000008ba00000, 0x000000008ba00000| Untracked 
| 187|0x000000008bb00000, 0x000000008bb00000, 0x000000008bc00000|  0%| F|  |TAMS 0x000000008bb00000, 0x000000008bb00000| Untracked 
| 188|0x000000008bc00000, 0x000000008bc00000, 0x000000008bd00000|  0%| F|  |TAMS 0x000000008bc00000, 0x000000008bc00000| Untracked 
| 189|0x000000008bd00000, 0x000000008bd00000, 0x000000008be00000|  0%| F|  |TAMS 0x000000008bd00000, 0x000000008bd00000| Untracked 
| 190|0x000000008be00000, 0x000000008be00000, 0x000000008bf00000|  0%| F|  |TAMS 0x000000008be00000, 0x000000008be00000| Untracked 
| 191|0x000000008bf00000, 0x000000008bf00000, 0x000000008c000000|  0%| F|  |TAMS 0x000000008bf00000, 0x000000008bf00000| Untracked 
| 192|0x000000008c000000, 0x000000008c000000, 0x000000008c100000|  0%| F|  |TAMS 0x000000008c000000, 0x000000008c000000| Untracked 
| 193|0x000000008c100000, 0x000000008c100000, 0x000000008c200000|  0%| F|  |TAMS 0x000000008c100000, 0x000000008c100000| Untracked 
| 194|0x000000008c200000, 0x000000008c200000, 0x000000008c300000|  0%| F|  |TAMS 0x000000008c200000, 0x000000008c200000| Untracked 
| 195|0x000000008c300000, 0x000000008c300000, 0x000000008c400000|  0%| F|  |TAMS 0x000000008c300000, 0x000000008c300000| Untracked 
| 196|0x000000008c400000, 0x000000008c400000, 0x000000008c500000|  0%| F|  |TAMS 0x000000008c400000, 0x000000008c400000| Untracked 
| 197|0x000000008c500000, 0x000000008c500000, 0x000000008c600000|  0%| F|  |TAMS 0x000000008c500000, 0x000000008c500000| Untracked 
| 198|0x000000008c600000, 0x000000008c600000, 0x000000008c700000|  0%| F|  |TAMS 0x000000008c600000, 0x000000008c600000| Untracked 
| 199|0x000000008c700000, 0x000000008c700000, 0x000000008c800000|  0%| F|  |TAMS 0x000000008c700000, 0x000000008c700000| Untracked 
| 200|0x000000008c800000, 0x000000008c800000, 0x000000008c900000|  0%| F|  |TAMS 0x000000008c800000, 0x000000008c800000| Untracked 
| 201|0x000000008c900000, 0x000000008c900000, 0x000000008ca00000|  0%| F|  |TAMS 0x000000008c900000, 0x000000008c900000| Untracked 
| 202|0x000000008ca00000, 0x000000008ca00000, 0x000000008cb00000|  0%| F|  |TAMS 0x000000008ca00000, 0x000000008ca00000| Untracked 
| 203|0x000000008cb00000, 0x000000008cb00000, 0x000000008cc00000|  0%| F|  |TAMS 0x000000008cb00000, 0x000000008cb00000| Untracked 
| 204|0x000000008cc00000, 0x000000008cc00000, 0x000000008cd00000|  0%| F|  |TAMS 0x000000008cc00000, 0x000000008cc00000| Untracked 
| 205|0x000000008cd00000, 0x000000008cd00000, 0x000000008ce00000|  0%| F|  |TAMS 0x000000008cd00000, 0x000000008cd00000| Untracked 
| 206|0x000000008ce00000, 0x000000008ce00000, 0x000000008cf00000|  0%| F|  |TAMS 0x000000008ce00000, 0x000000008ce00000| Untracked 
| 207|0x000000008cf00000, 0x000000008cf00000, 0x000000008d000000|  0%| F|  |TAMS 0x000000008cf00000, 0x000000008cf00000| Untracked 
| 208|0x000000008d000000, 0x000000008d000000, 0x000000008d100000|  0%| F|  |TAMS 0x000000008d000000, 0x000000008d000000| Untracked 
| 209|0x000000008d100000, 0x000000008d100000, 0x000000008d200000|  0%| F|  |TAMS 0x000000008d100000, 0x000000008d100000| Untracked 
| 210|0x000000008d200000, 0x000000008d200000, 0x000000008d300000|  0%| F|  |TAMS 0x000000008d200000, 0x000000008d200000| Untracked 
| 211|0x000000008d300000, 0x000000008d300000, 0x000000008d400000|  0%| F|  |TAMS 0x000000008d300000, 0x000000008d300000| Untracked 
| 212|0x000000008d400000, 0x000000008d400000, 0x000000008d500000|  0%| F|  |TAMS 0x000000008d400000, 0x000000008d400000| Untracked 
| 213|0x000000008d500000, 0x000000008d500000, 0x000000008d600000|  0%| F|  |TAMS 0x000000008d500000, 0x000000008d500000| Untracked 
| 214|0x000000008d600000, 0x000000008d600000, 0x000000008d700000|  0%| F|  |TAMS 0x000000008d600000, 0x000000008d600000| Untracked 
| 215|0x000000008d700000, 0x000000008d700000, 0x000000008d800000|  0%| F|  |TAMS 0x000000008d700000, 0x000000008d700000| Untracked 
| 216|0x000000008d800000, 0x000000008d800000, 0x000000008d900000|  0%| F|  |TAMS 0x000000008d800000, 0x000000008d800000| Untracked 
| 217|0x000000008d900000, 0x000000008d900000, 0x000000008da00000|  0%| F|  |TAMS 0x000000008d900000, 0x000000008d900000| Untracked 
| 218|0x000000008da00000, 0x000000008da00000, 0x000000008db00000|  0%| F|  |TAMS 0x000000008da00000, 0x000000008da00000| Untracked 
| 219|0x000000008db00000, 0x000000008db00000, 0x000000008dc00000|  0%| F|  |TAMS 0x000000008db00000, 0x000000008db00000| Untracked 
| 220|0x000000008dc00000, 0x000000008dc00000, 0x000000008dd00000|  0%| F|  |TAMS 0x000000008dc00000, 0x000000008dc00000| Untracked 
| 221|0x000000008dd00000, 0x000000008dd00000, 0x000000008de00000|  0%| F|  |TAMS 0x000000008dd00000, 0x000000008dd00000| Untracked 
| 222|0x000000008de00000, 0x000000008de00000, 0x000000008df00000|  0%| F|  |TAMS 0x000000008de00000, 0x000000008de00000| Untracked 
| 223|0x000000008df00000, 0x000000008df00000, 0x000000008e000000|  0%| F|  |TAMS 0x000000008df00000, 0x000000008df00000| Untracked 
| 224|0x000000008e000000, 0x000000008e000000, 0x000000008e100000|  0%| F|  |TAMS 0x000000008e000000, 0x000000008e000000| Untracked 
| 225|0x000000008e100000, 0x000000008e100000, 0x000000008e200000|  0%| F|  |TAMS 0x000000008e100000, 0x000000008e100000| Untracked 
| 226|0x000000008e200000, 0x000000008e200000, 0x000000008e300000|  0%| F|  |TAMS 0x000000008e200000, 0x000000008e200000| Untracked 
| 227|0x000000008e300000, 0x000000008e300000, 0x000000008e400000|  0%| F|  |TAMS 0x000000008e300000, 0x000000008e300000| Untracked 
| 228|0x000000008e400000, 0x000000008e400000, 0x000000008e500000|  0%| F|  |TAMS 0x000000008e400000, 0x000000008e400000| Untracked 
| 229|0x000000008e500000, 0x000000008e500000, 0x000000008e600000|  0%| F|  |TAMS 0x000000008e500000, 0x000000008e500000| Untracked 
| 230|0x000000008e600000, 0x000000008e600000, 0x000000008e700000|  0%| F|  |TAMS 0x000000008e600000, 0x000000008e600000| Untracked 
| 231|0x000000008e700000, 0x000000008e700000, 0x000000008e800000|  0%| F|  |TAMS 0x000000008e700000, 0x000000008e700000| Untracked 
| 232|0x000000008e800000, 0x000000008e800000, 0x000000008e900000|  0%| F|  |TAMS 0x000000008e800000, 0x000000008e800000| Untracked 
| 233|0x000000008e900000, 0x000000008e900000, 0x000000008ea00000|  0%| F|  |TAMS 0x000000008e900000, 0x000000008e900000| Untracked 
| 234|0x000000008ea00000, 0x000000008ea00000, 0x000000008eb00000|  0%| F|  |TAMS 0x000000008ea00000, 0x000000008ea00000| Untracked 
| 235|0x000000008eb00000, 0x000000008eb00000, 0x000000008ec00000|  0%| F|  |TAMS 0x000000008eb00000, 0x000000008eb00000| Untracked 
| 236|0x000000008ec00000, 0x000000008ec00000, 0x000000008ed00000|  0%| F|  |TAMS 0x000000008ec00000, 0x000000008ec00000| Untracked 
| 237|0x000000008ed00000, 0x000000008ed00000, 0x000000008ee00000|  0%| F|  |TAMS 0x000000008ed00000, 0x000000008ed00000| Untracked 
| 238|0x000000008ee00000, 0x000000008ee00000, 0x000000008ef00000|  0%| F|  |TAMS 0x000000008ee00000, 0x000000008ee00000| Untracked 
| 239|0x000000008ef00000, 0x000000008ef00000, 0x000000008f000000|  0%| F|  |TAMS 0x000000008ef00000, 0x000000008ef00000| Untracked 
| 240|0x000000008f000000, 0x000000008f000000, 0x000000008f100000|  0%| F|  |TAMS 0x000000008f000000, 0x000000008f000000| Untracked 
| 241|0x000000008f100000, 0x000000008f100000, 0x000000008f200000|  0%| F|  |TAMS 0x000000008f100000, 0x000000008f100000| Untracked 
| 242|0x000000008f200000, 0x000000008f200000, 0x000000008f300000|  0%| F|  |TAMS 0x000000008f200000, 0x000000008f200000| Untracked 
| 243|0x000000008f300000, 0x000000008f300000, 0x000000008f400000|  0%| F|  |TAMS 0x000000008f300000, 0x000000008f300000| Untracked 
| 244|0x000000008f400000, 0x000000008f400000, 0x000000008f500000|  0%| F|  |TAMS 0x000000008f400000, 0x000000008f400000| Untracked 
| 245|0x000000008f500000, 0x000000008f500000, 0x000000008f600000|  0%| F|  |TAMS 0x000000008f500000, 0x000000008f500000| Untracked 
| 246|0x000000008f600000, 0x000000008f600000, 0x000000008f700000|  0%| F|  |TAMS 0x000000008f600000, 0x000000008f600000| Untracked 
| 247|0x000000008f700000, 0x000000008f700000, 0x000000008f800000|  0%| F|  |TAMS 0x000000008f700000, 0x000000008f700000| Untracked 
| 248|0x000000008f800000, 0x000000008f800000, 0x000000008f900000|  0%| F|  |TAMS 0x000000008f800000, 0x000000008f800000| Untracked 
| 249|0x000000008f900000, 0x000000008f900000, 0x000000008fa00000|  0%| F|  |TAMS 0x000000008f900000, 0x000000008f900000| Untracked 
| 250|0x000000008fa00000, 0x000000008fa00000, 0x000000008fb00000|  0%| F|  |TAMS 0x000000008fa00000, 0x000000008fa00000| Untracked 
| 251|0x000000008fb00000, 0x000000008fb00000, 0x000000008fc00000|  0%| F|  |TAMS 0x000000008fb00000, 0x000000008fb00000| Untracked 
| 252|0x000000008fc00000, 0x000000008fc00000, 0x000000008fd00000|  0%| F|  |TAMS 0x000000008fc00000, 0x000000008fc00000| Untracked 
| 253|0x000000008fd00000, 0x000000008fd00000, 0x000000008fe00000|  0%| F|  |TAMS 0x000000008fd00000, 0x000000008fd00000| Untracked 
| 254|0x000000008fe00000, 0x000000008fe00000, 0x000000008ff00000|  0%| F|  |TAMS 0x000000008fe00000, 0x000000008fe00000| Untracked 
| 255|0x000000008ff00000, 0x000000008ff00000, 0x0000000090000000|  0%| F|  |TAMS 0x000000008ff00000, 0x000000008ff00000| Untracked 
| 256|0x0000000090000000, 0x0000000090000000, 0x0000000090100000|  0%| F|  |TAMS 0x0000000090000000, 0x0000000090000000| Untracked 
| 257|0x0000000090100000, 0x0000000090100000, 0x0000000090200000|  0%| F|  |TAMS 0x0000000090100000, 0x0000000090100000| Untracked 

Card table byte_map: [0x000001f0ca9f0000,0x000001f0cadf0000] _byte_map_base: 0x000001f0ca5f0000

Marking Bits (Prev, Next): (CMBitMap*) 0x000001f0b5d31e10, (CMBitMap*) 0x000001f0b5d31dd8
 Prev Bits: [0x000001f0cd1f0000, 0x000001f0cf1f0000)
 Next Bits: [0x000001f0cb1f0000, 0x000001f0cd1f0000)

Polling page: 0x000001f0b5dc0000

Metaspace:

Usage:
  Non-class:    119.30 MB capacity,   116.92 MB ( 98%) used,     1.96 MB (  2%) free+waste,   433.50 KB ( <1%) overhead. 
      Class:     17.55 MB capacity,    16.28 MB ( 93%) used,     1.09 MB (  6%) free+waste,   185.94 KB (  1%) overhead. 
       Both:    136.85 MB capacity,   133.20 MB ( 97%) used,     3.04 MB (  2%) free+waste,   619.44 KB ( <1%) overhead. 

Virtual space:
  Non-class space:      120.00 MB reserved,     119.42 MB (>99%) committed 
      Class space:        1.00 GB reserved,      17.57 MB (  2%) committed 
             Both:        1.12 GB reserved,     136.99 MB ( 12%) committed 

Chunk freelists:
   Non-Class:  52.00 KB
       Class:  0 bytes
        Both:  52.00 KB

MaxMetaspaceSize: 17179869184.00 GB
CompressedClassSpaceSize: 1.00 GB

CodeHeap 'non-profiled nmethods': size=120064Kb used=20291Kb max_used=20291Kb free=99772Kb
 bounds [0x000001f0c2a80000, 0x000001f0c3e60000, 0x000001f0c9fc0000]
CodeHeap 'profiled nmethods': size=120000Kb used=54389Kb max_used=54389Kb free=65610Kb
 bounds [0x000001f0bb550000, 0x000001f0beaf0000, 0x000001f0c2a80000]
CodeHeap 'non-nmethods': size=5696Kb used=2372Kb max_used=2436Kb free=3323Kb
 bounds [0x000001f0bafc0000, 0x000001f0bb250000, 0x000001f0bb550000]
 total_blobs=24796 nmethods=23790 adapters=914
 compilation: enabled
              stopped_count=0, restarted_count=0
 full_count=0

Compilation events (20 events):
Event: 8798.943 Thread 0x000001f0d187b800 nmethod 28104 0x000001f0bd415990 code [0x000001f0bd415ba0, 0x000001f0bd415ee8]
Event: 8798.943 Thread 0x000001f0d187b800 28105       2       com.android.tools.r8.dex.o::a (46 bytes)
Event: 8798.943 Thread 0x000001f0d187b800 nmethod 28105 0x000001f0bd216e10 code [0x000001f0bd216fc0, 0x000001f0bd2170e8]
Event: 8798.944 Thread 0x000001f0d187b800 28106       2       com.android.tools.r8.dex.m$$Lambda$1773/0x0000000101175040::accept (12 bytes)
Event: 8798.944 Thread 0x000001f0d187b800 nmethod 28106 0x000001f0bd3ece10 code [0x000001f0bd3ecfc0, 0x000001f0bd3ed108]
Event: 8798.944 Thread 0x000001f0d187b800 28107       2       com.android.tools.r8.dex.m::a (66 bytes)
Event: 8798.945 Thread 0x000001f0d187b800 nmethod 28107 0x000001f0bd3fe710 code [0x000001f0bd3fe900, 0x000001f0bd3feb18]
Event: 8798.945 Thread 0x000001f0d187b800 28108       2       com.android.tools.r8.dex.o::a (13 bytes)
Event: 8798.945 Thread 0x000001f0d187b800 nmethod 28108 0x000001f0bd217790 code [0x000001f0bd217940, 0x000001f0bd217a68]
Event: 8798.946 Thread 0x000001f0d187b800 28109       2       com.android.tools.r8.graph.f0$d::a (50 bytes)
Event: 8798.946 Thread 0x000001f0d187b800 nmethod 28109 0x000001f0bd415290 code [0x000001f0bd415480, 0x000001f0bd415738]
Event: 8798.947 Thread 0x000001f0d187b800 28111       2       com.android.tools.r8.dex.m::a (177 bytes)
Event: 8798.948 Thread 0x000001f0d187b800 nmethod 28111 0x000001f0bd455e90 code [0x000001f0bd4560c0, 0x000001f0bd456668]
Event: 8798.948 Thread 0x000001f0d187b800 28112       2       com.android.tools.r8.dex.m::a (231 bytes)
Event: 8798.951 Thread 0x000001f0d187b800 nmethod 28112 0x000001f0bd492890 code [0x000001f0bd492b20, 0x000001f0bd493388]
Event: 8798.951 Thread 0x000001f0d187b800 28113       2       com.android.tools.r8.internal.pr$$Lambda$1824/0x0000000101189c40::test (12 bytes)
Event: 8798.951 Thread 0x000001f0d187b800 nmethod 28113 0x000001f0bd412710 code [0x000001f0bd4128c0, 0x000001f0bd412a28]
Event: 8798.951 Thread 0x000001f0d187b800 28110       2       com.android.tools.r8.graph.z::x0 (49 bytes)
Event: 8798.952 Thread 0x000001f0d187b800 nmethod 28110 0x000001f0bd42bf90 code [0x000001f0bd42c160, 0x000001f0bd42c3c8]
Event: 8798.953 Thread 0x000001f0d187b800 28114       2       com.android.tools.r8.internal.pr$$Lambda$1825/0x000000010118a040::test (12 bytes)

GC Heap History (20 events):
Event: 8790.620 GC heap after
{Heap after GC invocations=105 (full 0):
 garbage-first heap   total 264192K, used 139313K [0x0000000080000000, 0x0000000100000000)
  region size 1024K, 2 young (2048K), 2 survivors (2048K)
 Metaspace       used 136243K, capacity 139975K, committed 140024K, reserved 1171456K
  class space    used 16668K, capacity 17964K, committed 17996K, reserved 1048576K
}
Event: 8791.672 GC heap before
{Heap before GC invocations=105 (full 0):
 garbage-first heap   total 264192K, used 223281K [0x0000000080000000, 0x0000000100000000)
  region size 1024K, 84 young (86016K), 2 survivors (2048K)
 Metaspace       used 136263K, capacity 139975K, committed 140024K, reserved 1171456K
  class space    used 16668K, capacity 17964K, committed 17996K, reserved 1048576K
}
Event: 8791.685 GC heap after
{Heap after GC invocations=106 (full 0):
 garbage-first heap   total 264192K, used 140341K [0x0000000080000000, 0x0000000100000000)
  region size 1024K, 3 young (3072K), 3 survivors (3072K)
 Metaspace       used 136263K, capacity 139975K, committed 140024K, reserved 1171456K
  class space    used 16668K, capacity 17964K, committed 17996K, reserved 1048576K
}
Event: 8793.035 GC heap before
{Heap before GC invocations=107 (full 0):
 garbage-first heap   total 264192K, used 225333K [0x0000000080000000, 0x0000000100000000)
  region size 1024K, 86 young (88064K), 3 survivors (3072K)
 Metaspace       used 136267K, capacity 139975K, committed 140024K, reserved 1171456K
  class space    used 16668K, capacity 17964K, committed 17996K, reserved 1048576K
}
Event: 8793.044 GC heap after
{Heap after GC invocations=108 (full 0):
 garbage-first heap   total 264192K, used 140168K [0x0000000080000000, 0x0000000100000000)
  region size 1024K, 2 young (2048K), 2 survivors (2048K)
 Metaspace       used 136267K, capacity 139975K, committed 140024K, reserved 1171456K
  class space    used 16668K, capacity 17964K, committed 17996K, reserved 1048576K
}
Event: 8793.166 GC heap before
{Heap before GC invocations=108 (full 0):
 garbage-first heap   total 264192K, used 150408K [0x0000000080000000, 0x0000000100000000)
  region size 1024K, 12 young (12288K), 2 survivors (2048K)
 Metaspace       used 136267K, capacity 139975K, committed 140024K, reserved 1171456K
  class space    used 16668K, capacity 17964K, committed 17996K, reserved 1048576K
}
Event: 8793.186 GC heap after
{Heap after GC invocations=109 (full 0):
 garbage-first heap   total 264192K, used 139930K [0x0000000080000000, 0x0000000100000000)
  region size 1024K, 2 young (2048K), 2 survivors (2048K)
 Metaspace       used 136267K, capacity 139975K, committed 140024K, reserved 1171456K
  class space    used 16668K, capacity 17964K, committed 17996K, reserved 1048576K
}
Event: 8794.074 GC heap before
{Heap before GC invocations=109 (full 0):
 garbage-first heap   total 264192K, used 225946K [0x0000000080000000, 0x0000000100000000)
  region size 1024K, 86 young (88064K), 2 survivors (2048K)
 Metaspace       used 136283K, capacity 139983K, committed 140024K, reserved 1171456K
  class space    used 16669K, capacity 17967K, committed 17996K, reserved 1048576K
}
Event: 8794.084 GC heap after
{Heap after GC invocations=110 (full 0):
 garbage-first heap   total 264192K, used 141024K [0x0000000080000000, 0x0000000100000000)
  region size 1024K, 3 young (3072K), 3 survivors (3072K)
 Metaspace       used 136283K, capacity 139983K, committed 140024K, reserved 1171456K
  class space    used 16669K, capacity 17967K, committed 17996K, reserved 1048576K
}
Event: 8795.419 GC heap before
{Heap before GC invocations=111 (full 0):
 garbage-first heap   total 264192K, used 227040K [0x0000000080000000, 0x0000000100000000)
  region size 1024K, 87 young (89088K), 3 survivors (3072K)
 Metaspace       used 136290K, capacity 139983K, committed 140024K, reserved 1171456K
  class space    used 16669K, capacity 17967K, committed 17996K, reserved 1048576K
}
Event: 8795.431 GC heap after
{Heap after GC invocations=112 (full 0):
 garbage-first heap   total 264192K, used 140582K [0x0000000080000000, 0x0000000100000000)
  region size 1024K, 2 young (2048K), 2 survivors (2048K)
 Metaspace       used 136290K, capacity 139983K, committed 140024K, reserved 1171456K
  class space    used 16669K, capacity 17967K, committed 17996K, reserved 1048576K
}
Event: 8795.537 GC heap before
{Heap before GC invocations=112 (full 0):
 garbage-first heap   total 264192K, used 150822K [0x0000000080000000, 0x0000000100000000)
  region size 1024K, 12 young (12288K), 2 survivors (2048K)
 Metaspace       used 136292K, capacity 139983K, committed 140024K, reserved 1171456K
  class space    used 16669K, capacity 17967K, committed 17996K, reserved 1048576K
}
Event: 8795.561 GC heap after
{Heap after GC invocations=113 (full 0):
 garbage-first heap   total 264192K, used 140118K [0x0000000080000000, 0x0000000100000000)
  region size 1024K, 2 young (2048K), 2 survivors (2048K)
 Metaspace       used 136292K, capacity 139983K, committed 140024K, reserved 1171456K
  class space    used 16669K, capacity 17967K, committed 17996K, reserved 1048576K
}
Event: 8796.415 GC heap before
{Heap before GC invocations=113 (full 0):
 garbage-first heap   total 264192K, used 227158K [0x0000000080000000, 0x0000000100000000)
  region size 1024K, 87 young (89088K), 2 survivors (2048K)
 Metaspace       used 136294K, capacity 139983K, committed 140024K, reserved 1171456K
  class space    used 16669K, capacity 17967K, committed 17996K, reserved 1048576K
}
Event: 8796.424 GC heap after
{Heap after GC invocations=114 (full 0):
 garbage-first heap   total 264192K, used 141015K [0x0000000080000000, 0x0000000100000000)
  region size 1024K, 3 young (3072K), 3 survivors (3072K)
 Metaspace       used 136294K, capacity 139983K, committed 140024K, reserved 1171456K
  class space    used 16669K, capacity 17967K, committed 17996K, reserved 1048576K
}
Event: 8797.683 GC heap before
{Heap before GC invocations=115 (full 0):
 garbage-first heap   total 264192K, used 228055K [0x0000000080000000, 0x0000000100000000)
  region size 1024K, 88 young (90112K), 3 survivors (3072K)
 Metaspace       used 136306K, capacity 139983K, committed 140024K, reserved 1171456K
  class space    used 16669K, capacity 17967K, committed 17996K, reserved 1048576K
}
Event: 8797.692 GC heap after
{Heap after GC invocations=116 (full 0):
 garbage-first heap   total 264192K, used 140942K [0x0000000080000000, 0x0000000100000000)
  region size 1024K, 3 young (3072K), 3 survivors (3072K)
 Metaspace       used 136306K, capacity 139983K, committed 140024K, reserved 1171456K
  class space    used 16669K, capacity 17967K, committed 17996K, reserved 1048576K
}
Event: 8797.792 GC heap before
{Heap before GC invocations=116 (full 0):
 garbage-first heap   total 264192K, used 150158K [0x0000000080000000, 0x0000000100000000)
  region size 1024K, 12 young (12288K), 3 survivors (3072K)
 Metaspace       used 136310K, capacity 140047K, committed 140280K, reserved 1171456K
  class space    used 16669K, capacity 17967K, committed 17996K, reserved 1048576K
}
Event: 8797.807 GC heap after
{Heap after GC invocations=117 (full 0):
 garbage-first heap   total 264192K, used 140748K [0x0000000080000000, 0x0000000100000000)
  region size 1024K, 1 young (1024K), 1 survivors (1024K)
 Metaspace       used 136310K, capacity 140047K, committed 140280K, reserved 1171456K
  class space    used 16669K, capacity 17967K, committed 17996K, reserved 1048576K
}
Event: 8798.956 GC heap before
{Heap before GC invocations=117 (full 0):
 garbage-first heap   total 264192K, used 224716K [0x0000000080000000, 0x0000000100000000)
  region size 1024K, 84 young (86016K), 1 survivors (1024K)
 Metaspace       used 136398K, capacity 140135K, committed 140280K, reserved 1171456K
  class space    used 16669K, capacity 17967K, committed 17996K, reserved 1048576K
}

Deoptimization events (20 events):
Event: 8798.552 Thread 0x000001f0dbe1c000 DEOPT PACKING pc=0x000001f0bc3a0048 sp=0x000000c26e1fa150
Event: 8798.552 Thread 0x000001f0dbe1c000 DEOPT UNPACKING pc=0x000001f0bafe764e sp=0x000000c26e1f9690 mode 0
Event: 8798.572 Thread 0x000001f0dbe1c000 Uncommon trap: trap_request=0xffffffd6 fr.pc=0x000001f0c3e3bcdc relative=0x000000000000079c
Event: 8798.572 Thread 0x000001f0dbe1c000 Uncommon trap: reason=array_check action=maybe_recompile pc=0x000001f0c3e3bcdc method=java.util.TimSort.binarySort([Ljava/lang/Object;IIILjava/util/Comparator;)V @ 193 c2
Event: 8798.572 Thread 0x000001f0dbe1c000 DEOPT PACKING pc=0x000001f0c3e3bcdc sp=0x000000c26e1fa490
Event: 8798.572 Thread 0x000001f0dbe1c000 DEOPT UNPACKING pc=0x000001f0bafe782f sp=0x000000c26e1fa438 mode 2
Event: 8798.574 Thread 0x000001f0dbe1c000 Uncommon trap: trap_request=0xffffffd6 fr.pc=0x000001f0c3e3bcdc relative=0x000000000000079c
Event: 8798.574 Thread 0x000001f0dbe1c000 Uncommon trap: reason=array_check action=maybe_recompile pc=0x000001f0c3e3bcdc method=java.util.TimSort.binarySort([Ljava/lang/Object;IIILjava/util/Comparator;)V @ 193 c2
Event: 8798.574 Thread 0x000001f0dbe1c000 DEOPT PACKING pc=0x000001f0c3e3bcdc sp=0x000000c26e1fa1e0
Event: 8798.574 Thread 0x000001f0dbe1c000 DEOPT UNPACKING pc=0x000001f0bafe782f sp=0x000000c26e1fa188 mode 2
Event: 8798.611 Thread 0x000001f0dbe1b000 DEOPT PACKING pc=0x000001f0be5ebfa4 sp=0x000000c26dcf93b0
Event: 8798.612 Thread 0x000001f0dbe1b000 DEOPT UNPACKING pc=0x000001f0bafe764e sp=0x000000c26dcf8c38 mode 0
Event: 8798.646 Thread 0x000001f0dbe1c000 DEOPT PACKING pc=0x000001f0bbeeb93b sp=0x000000c26e1f9930
Event: 8798.646 Thread 0x000001f0dbe1c000 DEOPT UNPACKING pc=0x000001f0bafe764e sp=0x000000c26e1f8e18 mode 0
Event: 8798.832 Thread 0x000001f0dbe1b000 DEOPT PACKING pc=0x000001f0be5ebfa4 sp=0x000000c26dcf93b0
Event: 8798.832 Thread 0x000001f0dbe1b000 DEOPT UNPACKING pc=0x000001f0bafe764e sp=0x000000c26dcf8c38 mode 0
Event: 8798.847 Thread 0x000001f0dbe1c000 DEOPT PACKING pc=0x000001f0bc42b1a7 sp=0x000000c26e1f9e30
Event: 8798.847 Thread 0x000001f0dbe1c000 DEOPT UNPACKING pc=0x000001f0bafe764e sp=0x000000c26e1f9328 mode 0
Event: 8798.934 Thread 0x000001f0dbe1c000 DEOPT PACKING pc=0x000001f0bc5cd636 sp=0x000000c26e1f9ad0
Event: 8798.934 Thread 0x000001f0dbe1c000 DEOPT UNPACKING pc=0x000001f0bafe764e sp=0x000000c26e1f8fa8 mode 0

Classes redefined (0 events):
No events

Internal exceptions (20 events):
Event: 8772.633 Thread 0x000001f0dbe1b000 Exception <a 'java/lang/IncompatibleClassChangeError'{0x000000008b659b80}: Found class java.lang.Object, but interface was expected> (0x000000008b659b80) thrown at [./src/hotspot/share/interpreter/linkResolver.cpp, line 839]
Event: 8772.642 Thread 0x000001f0dbe1b000 Exception <a 'java/lang/IncompatibleClassChangeError'{0x000000008b6647f8}: Found class java.lang.Object, but interface was expected> (0x000000008b6647f8) thrown at [./src/hotspot/share/interpreter/linkResolver.cpp, line 839]
Event: 8772.898 Thread 0x000001f0dbe1c000 Exception <a 'java/lang/NoSuchMethodError'{0x000000008b2ce428}: 'void java.lang.invoke.DirectMethodHandle$Holder.invokeVirtual(java.lang.Object, java.lang.Object, int, java.lang.Object)'> (0x000000008b2ce428) thrown at [./src/hotspot/share/interpreter/linkResolver.cpp, line 773]
Event: 8773.661 Thread 0x000001f0dbe1c000 Exception <a 'java/lang/NoSuchMethodError'{0x000000008cfd9f48}: 'java.lang.Object java.lang.invoke.DirectMethodHandle$Holder.newInvokeSpecial(java.lang.Object, int)'> (0x000000008cfd9f48) thrown at [./src/hotspot/share/interpreter/linkResolver.cpp, line 773]
Event: 8774.390 Thread 0x000001f0dbe1c000 Exception <a 'java/lang/NoSuchMethodError'{0x000000008c7efac0}: 'java.lang.Object java.lang.invoke.DirectMethodHandle$Holder.invokeInterface(java.lang.Object, java.lang.Object, int)'> (0x000000008c7efac0) thrown at [./src/hotspot/share/interpreter/linkResolver.cpp, line 773]
Event: 8781.651 Thread 0x000001f0dbe1c000 Exception <a 'java/lang/NoSuchMethodError'{0x000000008f2c9738}: 'void java.lang.invoke.DirectMethodHandle$Holder.invokeSpecial(java.lang.Object, java.lang.Object, int, java.lang.Object, java.lang.Object, java.lang.Object, java.lang.Object)'> (0x000000008f2c9738) thrown at [./src/hotspot/share/interpreter/linkResolver.cpp, line 773]
Event: 8781.655 Thread 0x000001f0dbe1c000 Exception <a 'java/lang/NoSuchMethodError'{0x000000008f2d5238}: 'java.lang.Object java.lang.invoke.Invokers$Holder.linkToTargetMethod(java.lang.Object, int, java.lang.Object, java.lang.Object, java.lang.Object, java.lang.Object)'> (0x000000008f2d5238) thrown at [./src/hotspot/share/interpreter/linkResolver.cpp, line 773]
Event: 8781.656 Thread 0x000001f0dbe1c000 Exception <a 'java/lang/NoSuchMethodError'{0x000000008ebdf9f0}: 'void java.lang.invoke.DirectMethodHandle$Holder.invokeSpecial(java.lang.Object, java.lang.Object, java.lang.Object, java.lang.Object, java.lang.Object, java.lang.Object, java.lang.Object, java.lang.Object, java.lang.Object)'> (0x000000008ebdf9f0) thrown at [./src/hotspot/share/interpreter/linkResolver.cpp, line 773]
Event: 8781.665 Thread 0x000001f0dbe1c000 Exception <a 'java/lang/NoSuchMethodError'{0x000000008ebfa4e0}: 'void java.lang.invoke.DirectMethodHandle$Holder.invokeStatic(java.lang.Object, java.lang.Object, java.lang.Object, java.lang.Object, java.lang.Object, java.lang.Object, java.lang.Object, java.lang.Object)'> (0x000000008ebfa4e0) thrown at [./src/hotspot/share/interpreter/linkResolver.cpp, line 773]
Event: 8782.129 Thread 0x000001f0dbe1c000 Exception <a 'java/lang/IncompatibleClassChangeError'{0x000000008d736058}: Found class java.lang.Object, but interface was expected> (0x000000008d736058) thrown at [./src/hotspot/share/interpreter/linkResolver.cpp, line 839]
Event: 8782.473 Thread 0x000001f0dbe1b000 Exception <a 'java/lang/NoSuchMethodError'{0x000000008c36c830}: 'int java.lang.invoke.DirectMethodHandle$Holder.invokeInterface(java.lang.Object, java.lang.Object, int)'> (0x000000008c36c830) thrown at [./src/hotspot/share/interpreter/linkResolver.cpp, line 773]
Event: 8782.608 Thread 0x000001f0dbe1c000 Exception <a 'java/lang/NoSuchMethodError'{0x000000008bef3298}: 'void java.lang.invoke.DirectMethodHandle$Holder.invokeVirtual(java.lang.Object, java.lang.Object, int)'> (0x000000008bef3298) thrown at [./src/hotspot/share/interpreter/linkResolver.cpp, line 773]
Event: 8782.726 Thread 0x000001f0dbe1c000 Implicit null exception at 0x000001f0c30133b7 to 0x000001f0c301887c
Event: 8782.726 Thread 0x000001f0dbe1c000 Implicit null exception at 0x000001f0c2ef2ba0 to 0x000001f0c2ef2db8
Event: 8782.727 Thread 0x000001f0dbe1c000 Implicit null exception at 0x000001f0c30005a0 to 0x000001f0c3001804
Event: 8782.846 Thread 0x000001f0dbe1c000 Exception <a 'sun/nio/fs/WindowsException'{0x00000000901cecb8}> (0x00000000901cecb8) thrown at [./src/hotspot/share/prims/jni.cpp, line 615]
Event: 8783.474 Thread 0x000001f0dbe1c000 Exception <a 'sun/nio/fs/WindowsException'{0x000000008c91cbe8}> (0x000000008c91cbe8) thrown at [./src/hotspot/share/prims/jni.cpp, line 615]
Event: 8786.091 Thread 0x000001f0dbe1c000 Exception <a 'sun/nio/fs/WindowsException'{0x000000008e36a6e8}> (0x000000008e36a6e8) thrown at [./src/hotspot/share/prims/jni.cpp, line 615]
Event: 8788.176 Thread 0x000001f0dbe1c000 Exception <a 'sun/nio/fs/WindowsException'{0x000000008c4088c0}> (0x000000008c4088c0) thrown at [./src/hotspot/share/prims/jni.cpp, line 615]
Event: 8790.740 Thread 0x000001f0dbe1c800 Implicit null exception at 0x000001f0c3c6a194 to 0x000001f0c3c6e774

Events (20 events):
Event: 8794.084 Executing VM operation: G1CollectForAllocation done
Event: 8794.570 Executing VM operation: CGC_Operation
Event: 8794.602 Executing VM operation: CGC_Operation done
Event: 8794.873 Executing VM operation: CGC_Operation
Event: 8794.878 Executing VM operation: CGC_Operation done
Event: 8795.418 Executing VM operation: G1CollectForAllocation
Event: 8795.431 Executing VM operation: G1CollectForAllocation done
Event: 8795.536 Executing VM operation: G1CollectForAllocation
Event: 8795.561 Executing VM operation: G1CollectForAllocation done
Event: 8796.412 Executing VM operation: G1CollectForAllocation
Event: 8796.424 Executing VM operation: G1CollectForAllocation done
Event: 8796.918 Executing VM operation: CGC_Operation
Event: 8796.984 Executing VM operation: CGC_Operation done
Event: 8797.225 Executing VM operation: CGC_Operation
Event: 8797.232 Executing VM operation: CGC_Operation done
Event: 8797.681 Executing VM operation: G1CollectForAllocation
Event: 8797.692 Executing VM operation: G1CollectForAllocation done
Event: 8797.791 Executing VM operation: G1CollectForAllocation
Event: 8797.807 Executing VM operation: G1CollectForAllocation done
Event: 8798.953 Executing VM operation: G1CollectForAllocation


Dynamic libraries:
0x00007ff616c80000 - 0x00007ff616c8a000 	C:\Program Files\Android\Android Studio\jre\bin\java.exe
0x00007ffeca8d0000 - 0x00007ffecaabd000 	C:\Windows\SYSTEM32\ntdll.dll
0x00007ffec7ca0000 - 0x00007ffec7d53000 	C:\Windows\System32\KERNEL32.DLL
0x00007ffec77c0000 - 0x00007ffec7a53000 	C:\Windows\System32\KERNELBASE.dll
0x00007ffec7430000 - 0x00007ffec752c000 	C:\Windows\System32\ucrtbase.dll
0x00007ffebd2a0000 - 0x00007ffebd2b7000 	C:\Program Files\Android\Android Studio\jre\bin\VCRUNTIME140.dll
0x00007ffec2290000 - 0x00007ffec22a9000 	C:\Program Files\Android\Android Studio\jre\bin\jli.dll
0x00007ffec83c0000 - 0x00007ffec8557000 	C:\Windows\System32\USER32.dll
0x00007ffeb7650000 - 0x00007ffeb78c9000 	C:\Windows\WinSxS\amd64_microsoft.windows.common-controls_6595b64144ccf1df_6.0.17763.194_none_05b3366207211c42\COMCTL32.dll
0x00007ffec6a80000 - 0x00007ffec6aa0000 	C:\Windows\System32\win32u.dll
0x00007ffeca800000 - 0x00007ffeca89e000 	C:\Windows\System32\msvcrt.dll
0x00007ffec7dc0000 - 0x00007ffec7de9000 	C:\Windows\System32\GDI32.dll
0x00007ffec8870000 - 0x00007ffec8b9d000 	C:\Windows\System32\combase.dll
0x00007ffec6af0000 - 0x00007ffec6c8a000 	C:\Windows\System32\gdi32full.dll
0x00007ffec8690000 - 0x00007ffec87b2000 	C:\Windows\System32\RPCRT4.dll
0x00007ffec7a60000 - 0x00007ffec7b00000 	C:\Windows\System32\msvcp_win.dll
0x00007ffec69a0000 - 0x00007ffec6a1e000 	C:\Windows\System32\bcryptPrimitives.dll
0x00007ffec8290000 - 0x00007ffec82be000 	C:\Windows\System32\IMM32.DLL
0x00007ffea8080000 - 0x00007ffea811d000 	C:\Program Files\Android\Android Studio\jre\bin\msvcp140.dll
0x00007ffe93c90000 - 0x00007ffe9475f000 	C:\Program Files\Android\Android Studio\jre\bin\server\jvm.dll
0x00007ffec87c0000 - 0x00007ffec8863000 	C:\Windows\System32\ADVAPI32.dll
0x00007ffec82c0000 - 0x00007ffec835e000 	C:\Windows\System32\sechost.dll
0x00007ffeca3a0000 - 0x00007ffeca3a8000 	C:\Windows\System32\PSAPI.DLL
0x00007ffead760000 - 0x00007ffead769000 	C:\Windows\SYSTEM32\WSOCK32.dll
0x00007ffeca510000 - 0x00007ffeca57d000 	C:\Windows\System32\WS2_32.dll
0x00007ffec4aa0000 - 0x00007ffec4ac4000 	C:\Windows\SYSTEM32\WINMM.dll
0x00007ffeb9600000 - 0x00007ffeb960a000 	C:\Windows\SYSTEM32\VERSION.dll
0x00007ffec4a40000 - 0x00007ffec4a6d000 	C:\Windows\SYSTEM32\winmmbase.dll
0x00007ffec6aa0000 - 0x00007ffec6aea000 	C:\Windows\System32\cfgmgr32.dll
0x00007ffec68f0000 - 0x00007ffec6901000 	C:\Windows\System32\kernel.appcore.dll
0x00007ffec4b90000 - 0x00007ffec4ba1000 	C:\Program Files\Android\Android Studio\jre\bin\verify.dll
0x00007ffeb5ae0000 - 0x00007ffeb5ccd000 	C:\Windows\SYSTEM32\DBGHELP.DLL
0x00007ffeb5ab0000 - 0x00007ffeb5ada000 	C:\Windows\SYSTEM32\dbgcore.DLL
0x00007ffec4b50000 - 0x00007ffec4b79000 	C:\Program Files\Android\Android Studio\jre\bin\java.dll
0x00007ffec4b40000 - 0x00007ffec4b4b000 	C:\Program Files\Android\Android Studio\jre\bin\jimage.dll
0x00007ffec3500000 - 0x00007ffec3518000 	C:\Program Files\Android\Android Studio\jre\bin\zip.dll
0x00007ffec8ba0000 - 0x00007ffeca08f000 	C:\Windows\System32\SHELL32.dll
0x00007ffeca120000 - 0x00007ffeca1c8000 	C:\Windows\System32\shcore.dll
0x00007ffec6cc0000 - 0x00007ffec740a000 	C:\Windows\System32\windows.storage.dll
0x00007ffec6970000 - 0x00007ffec6994000 	C:\Windows\System32\profapi.dll
0x00007ffec6910000 - 0x00007ffec696d000 	C:\Windows\System32\powrprof.dll
0x00007ffec7b80000 - 0x00007ffec7bd2000 	C:\Windows\System32\shlwapi.dll
0x00007ffec7410000 - 0x00007ffec7427000 	C:\Windows\System32\cryptsp.dll
0x00007ffec29a0000 - 0x00007ffec29ba000 	C:\Program Files\Android\Android Studio\jre\bin\net.dll
0x00007ffebd470000 - 0x00007ffebd561000 	C:\Windows\SYSTEM32\WINHTTP.dll
0x00007ffec6100000 - 0x00007ffec6167000 	C:\Windows\system32\mswsock.dll
0x00007ffec2600000 - 0x00007ffec2614000 	C:\Program Files\Android\Android Studio\jre\bin\nio.dll
0x00007ffebc850000 - 0x00007ffebc877000 	C:\Users\USER\.gradle\native\8bec1ad78214c89d9ad589b4d07fe93259594b29d510b10fafb7a158f7737e5d\windows-amd64\native-platform.dll
0x00007ffea49c0000 - 0x00007ffea4afd000 	C:\Users\USER\.gradle\native\53dbd7edfb1c66fb8903c78663c9afc45aea4f116125fa6feffd364cf09443e8\windows-amd64\native-platform-file-events.dll
0x00007ffec4b30000 - 0x00007ffec4b3a000 	C:\Program Files\Android\Android Studio\jre\bin\management.dll
0x00007ffec4af0000 - 0x00007ffec4afc000 	C:\Program Files\Android\Android Studio\jre\bin\management_ext.dll
0x00007ffec5cc0000 - 0x00007ffec5cf3000 	C:\Windows\system32\rsaenh.dll
0x00007ffec6c90000 - 0x00007ffec6cb6000 	C:\Windows\System32\bcrypt.dll
0x00007ffec6800000 - 0x00007ffec6828000 	C:\Windows\SYSTEM32\USERENV.dll
0x00007ffec62d0000 - 0x00007ffec62dc000 	C:\Windows\SYSTEM32\CRYPTBASE.dll
0x00007ffec5e60000 - 0x00007ffec5e9d000 	C:\Windows\SYSTEM32\IPHLPAPI.DLL
0x00007ffeca110000 - 0x00007ffeca118000 	C:\Windows\System32\NSI.dll
0x00007ffebe260000 - 0x00007ffebe276000 	C:\Windows\SYSTEM32\dhcpcsvc6.DLL
0x00007ffebe5b0000 - 0x00007ffebe5cc000 	C:\Windows\SYSTEM32\dhcpcsvc.DLL
0x00007ffec5ea0000 - 0x00007ffec5f66000 	C:\Windows\SYSTEM32\DNSAPI.dll
0x00007ffec59a0000 - 0x00007ffec59d1000 	C:\Windows\SYSTEM32\ntmarta.dll
0x00007ffebd420000 - 0x00007ffebd447000 	C:\Program Files\Android\Android Studio\jre\bin\sunec.dll
0x0000000063c20000 - 0x0000000063c55000 	C:\Program Files\Bonjour\mdnsNSP.dll
0x00007ffebcbd0000 - 0x00007ffebcbda000 	C:\Windows\System32\rasadhlp.dll
0x00007ffebd570000 - 0x00007ffebd5e9000 	C:\Windows\System32\fwpuclnt.dll

dbghelp: loaded successfully - version: 4.0.5 - missing functions: none
symbol engine: initialized successfully - sym options: 0x614 - pdb path: .;C:\Program Files\Android\Android Studio\jre\bin;C:\Windows\SYSTEM32;C:\Windows\WinSxS\amd64_microsoft.windows.common-controls_6595b64144ccf1df_6.0.17763.194_none_05b3366207211c42;C:\Program Files\Android\Android Studio\jre\bin\server;C:\Users\USER\.gradle\native\8bec1ad78214c89d9ad589b4d07fe93259594b29d510b10fafb7a158f7737e5d\windows-amd64;C:\Users\USER\.gradle\native\53dbd7edfb1c66fb8903c78663c9afc45aea4f116125fa6feffd364cf09443e8\windows-amd64;C:\Program Files\Bonjour

VM Arguments:
jvm_args: --add-opens=java.base/java.util=ALL-UNNAMED --add-opens=java.base/java.lang=ALL-UNNAMED --add-opens=java.base/java.lang.invoke=ALL-UNNAMED --add-opens=java.base/java.util=ALL-UNNAMED --add-opens=java.prefs/java.util.prefs=ALL-UNNAMED --add-opens=java.prefs/java.util.prefs=ALL-UNNAMED --add-opens=java.base/java.nio.charset=ALL-UNNAMED --add-opens=java.base/java.net=ALL-UNNAMED --add-opens=java.base/java.util.concurrent.atomic=ALL-UNNAMED -Xmx2048m -Dfile.encoding=UTF-8 -Duser.country=RU -Duser.language=ru -Duser.variant 
java_command: org.gradle.launcher.daemon.bootstrap.GradleDaemon 7.0.2
java_class_path (initial): C:\Users\USER\.gradle\wrapper\dists\gradle-7.0.2-bin\857tjihv64xamwrf0h14cai3r\gradle-7.0.2\lib\gradle-launcher-7.0.2.jar
Launcher Type: SUN_STANDARD

[Global flags]
     intx CICompilerCount                          = 3                                         {product} {ergonomic}
     uint ConcGCThreads                            = 1                                         {product} {ergonomic}
     uint G1ConcRefinementThreads                  = 4                                         {product} {ergonomic}
   size_t G1HeapRegionSize                         = 1048576                                   {product} {ergonomic}
    uintx GCDrainStackTargetSize                   = 64                                        {product} {ergonomic}
   size_t InitialHeapSize                          = 130023424                                 {product} {ergonomic}
   size_t MarkStackSize                            = 4194304                                   {product} {ergonomic}
   size_t MaxHeapSize                              = 2147483648                                {product} {command line}
   size_t MaxNewSize                               = 1287651328                                {product} {ergonomic}
   size_t MinHeapDeltaBytes                        = 1048576                                   {product} {ergonomic}
    uintx NonNMethodCodeHeapSize                   = 5830732                                {pd product} {ergonomic}
    uintx NonProfiledCodeHeapSize                  = 122913754                              {pd product} {ergonomic}
    uintx ProfiledCodeHeapSize                     = 122913754                              {pd product} {ergonomic}
    uintx ReservedCodeCacheSize                    = 251658240                              {pd product} {ergonomic}
     bool SegmentedCodeCache                       = true                                      {product} {ergonomic}
     bool UseCompressedClassPointers               = true                                 {lp64_product} {ergonomic}
     bool UseCompressedOops                        = true                                 {lp64_product} {ergonomic}
     bool UseG1GC                                  = true                                      {product} {ergonomic}
     bool UseLargePagesIndividualAllocation        = false                                  {pd product} {ergonomic}

Logging:
Log output configuration:
 #0: stdout all=warning uptime,level,tags
 #1: stderr all=off uptime,level,tags

Environment Variables:
CLASSPATH=.;C:\Program Files (x86)\QuickTime\QTSystem\QTJava.zip
PATH=C:\Program Files\Common Files\Oracle\Java\javapath;C:\ProgramData\Oracle\Java\javapath;C:\Windows\system32;C:\Windows;C:\Windows\System32\Wbem;C:\Windows\System32\WindowsPowerShell\v1.0\;C:\Windows\System32\OpenSSH\;C:\Program Files (x86)\QuickTime\QTSystem\;C:\Program Files\nodejs\;C:\Program Files\Java\jdk-17.0.2\bin;C:\Program Files\Git\cmd;C:\python\Scripts\;C:\python\;C:\Users\USER\AppData\Local\Microsoft\WindowsApps;C:\Users\USER\AppData\Local\atom\bin;C:\Program Files\Azure Data Studio\bin;C:\Users\USER\AppData\Roaming\npm
USERNAME=USER
OS=Windows_NT
PROCESSOR_IDENTIFIER=Intel64 Family 6 Model 58 Stepping 9, GenuineIntel



---------------  S Y S T E M  ---------------

OS: Windows 10 , 64 bit Build 17763 (10.0.17763.1)
OS uptime: 12 days 16:21 hours

CPU:total 4 (initial active 4) (2 cores per cpu, 2 threads per core) family 6 model 58 stepping 9 microcode 0x1f, cmov, cx8, fxsr, mmx, sse, sse2, sse3, ssse3, sse4.1, sse4.2, popcnt, avx, clmul, erms, ht, tsc, tscinvbit, tscinv

Memory: 4k page, system-wide physical 7893M (466M free)
TotalPageFile size 16077M (AvailPageFile size 60M)
current process WorkingSet (physical memory assigned to process): 614M, peak: 619M
current process commit charge ("private bytes"): 729M, peak: 876M

vm_info: OpenJDK 64-Bit Server VM (11.0.10+0-b96-7249189) for windows-amd64 JRE (11.0.10+0-b96-7249189), built on Mar 31 2021 21:44:00 by "builder" with MS VC++ 14.0 (VS2015)

END.
